Running: C:\Xilinx\14.7\ISE_DS\ISE\bin\nt64\unwrapped\fuse.exe -intstyle ise -incremental -lib unisims_ver -lib unimacro_ver -lib xilinxcorelib_ver -lib secureip -o D:/CO/CO_P4/mips_cpu_tb_isim_beh.exe -prj D:/CO/CO_P4/mips_cpu_tb_beh.prj work.mips_cpu_tb work.glbl 
ISim P.20131013 (signature 0x7708f090)
Number of CPUs detected in this system: 20
Turning on mult-threading, number of parallel sub-compilation jobs: 40 
Determining compilation order of HDL files
Analyzing Verilog file "D:/CO/CO_P4/NPC.v" into library work
Analyzing Verilog file "D:/CO/CO_P4/IFU.v" into library work
Analyzing Verilog file "D:/CO/CO_P4/GRF.v" into library work
Analyzing Verilog file "D:/CO/CO_P4/EXT.v" into library work
Analyzing Verilog file "D:/CO/CO_P4/DM.v" into library work
Analyzing Verilog file "D:/CO/CO_P4/Controller.v" into library work
Analyzing Verilog file "D:/CO/CO_P4/ALU.v" into library work
Analyzing Verilog file "D:/CO/CO_P4/mips.v" into library work
Analyzing Verilog file "D:/CO/CO_P4/mips_cpu_tb.v" into library work
Analyzing Verilog file "C:/Xilinx/14.7/ISE_DS/ISE//verilog/src/glbl.v" into library work
Starting static elaboration
Completed static elaboration
Compiling module IFU
Compiling module Controller
Compiling module EXT
Compiling module GRF
Compiling module ALU
Compiling module DM
Compiling module NPC
Compiling module mips
Compiling module mips_cpu_tb
Compiling module glbl
Time Resolution for simulation is 1ps.
Compiled 10 Verilog Units
Built simulation executable D:/CO/CO_P4/mips_cpu_tb_isim_beh.exe
Fuse Memory Usage: 31176 KB
Fuse CPU Usage: 155 ms
