ISim log file
Running: D:\CO\CO_P4\mips_cpu_tb_isim_beh.exe -intstyle ise -gui -tclbatch isim.cmd -wdb D:/CO/CO_P4/mips_cpu_tb_isim_beh.wdb 
ISim P.20131013 (signature 0x7708f090)
----------------------------------------------------------------------
WARNING:Security:42 - Your software subscription period has lapsed. Your current version of Xilinx tools will continue to function, but you no longer qualify for Xilinx software updates or new releases.


----------------------------------------------------------------------
This is a Full version of ISim.
Time resolution is 1 ps
# onerror resume
# wave add /
# run 1000 ns
Simulator is doing circuit initialization process.
Finished circuit initialization process.
@00003004: $ 5 <= 00000110
@00003008: $25 <= 00000044
@0000300c: $ 2 <= 00000108
@00003010: $ 9 <= 00000030
@00003014: $13 <= 00000180
@00003018: $22 <= 00000078
@0000301c: $23 <= 000000ac
@00003020: $10 <= 0000a71f
@00003024: $21 <= 5a0d0000
@0000302c: $20 <= 3a9c0000
@00003030: *000001d8 <= 00000000
@00003034: $31 <= 00003038
@00003864: $15 <= 00000000
@00003868: $18 <= fffffe80
@0000386c: $24 <= 5faf0000
@00003870: $26 <= c41a0000
@00003874: $12 <= 99bb0000
@00003878: $16 <= 00000000
@0000387c: *00000218 <= 00000000
@00003880: $20 <= 0000b5d2
@00003888: $19 <= 5faefef8
@0000388c: $31 <= 00003890
@00003ca0: $17 <= 00000044
@00003ca4: $31 <= 00003ca8
@00003d10: $18 <= 00000000
@00003d18: $18 <= 00000000
@00003d20: $27 <= 3be60000
@00003d24: $ 8 <= c41a0000
@00003d28: $21 <= 957d0000
@00003d2c: $31 <= 00003d30
@00003d74: $12 <= 00000000
@00003d78: $16 <= 5faefef8
@00003d7c: $18 <= 92590000
@00003d80: $24 <= 957dcec3
@00003d88: $24 <= 9259970c
@00003d90: $ 8 <= 6a830000
@00003d94: $31 <= 00003d98
@00003dcc: $12 <= 957db5d2
@00003dd0: $ 4 <= 00000000
@00003dd4: $ 3 <= 0a550000
@00003dd8: $19 <= ca314926
@00003ddc: $20 <= 00000000
@00003de0: *000001a4 <= 00000000
@00003de4: $21 <= ffffffd0
@00003de8: $17 <= 00000000
@00003df0: $24 <= 01390000
@00003df4: $31 <= 00003df8
