Release 14.7 - xst P.20131013 (nt64)
Copyright (c) 1995-2013 Xilinx, Inc.  All rights reserved.
--> Parameter TMPDIR set to xst/projnav.tmp


Total REAL time to Xst completion: 0.00 secs
Total CPU time to Xst completion: 0.09 secs
 
--> Parameter xsthdpdir set to xst


Total REAL time to Xst completion: 0.00 secs
Total CPU time to Xst completion: 0.09 secs
 
--> Reading design: mips.prj

TABLE OF CONTENTS
  1) Synthesis Options Summary
  2) HDL Parsing
  3) HDL Elaboration
  4) HDL Synthesis
       4.1) HDL Synthesis Report
  5) Advanced HDL Synthesis
       5.1) Advanced HDL Synthesis Report
  6) Low Level Synthesis
  7) Partition Report
  8) Design Summary
       8.1) Primitive and Black Box Usage
       8.2) Device utilization summary
       8.3) Partition Resource Summary
       8.4) Timing Report
            8.4.1) Clock Information
            8.4.2) Asynchronous Control Signals Information
            8.4.3) Timing Summary
            8.4.4) Timing Details
            8.4.5) Cross Clock Domains Report


=========================================================================
*                      Synthesis Options Summary                        *
=========================================================================
---- Source Parameters
Input File Name                    : "mips.prj"
Ignore Synthesis Constraint File   : NO

---- Target Parameters
Output File Name                   : "mips"
Output Format                      : NGC
Target Device                      : xc7a100t-3-csg324

---- Source Options
Top Module Name                    : mips
Automatic FSM Extraction           : YES
FSM Encoding Algorithm             : Auto
Safe Implementation                : No
FSM Style                          : LUT
RAM Extraction                     : Yes
RAM Style                          : Auto
ROM Extraction                     : Yes
Shift Register Extraction          : YES
ROM Style                          : Auto
Resource Sharing                   : YES
Asynchronous To Synchronous        : NO
Shift Register Minimum Size        : 2
Use DSP Block                      : Auto
Automatic Register Balancing       : No

---- Target Options
LUT Combining                      : Auto
Reduce Control Sets                : Auto
Add IO Buffers                     : YES
Global Maximum Fanout              : 100000
Add Generic Clock Buffer(BUFG)     : 32
Register Duplication               : YES
Optimize Instantiated Primitives   : NO
Use Clock Enable                   : Auto
Use Synchronous Set                : Auto
Use Synchronous Reset              : Auto
Pack IO Registers into IOBs        : Auto
Equivalent register Removal        : YES

---- General Options
Optimization Goal                  : Speed
Optimization Effort                : 1
Power Reduction                    : NO
Keep Hierarchy                     : No
Netlist Hierarchy                  : As_Optimized
RTL Output                         : Yes
Global Optimization                : AllClockNets
Read Cores                         : YES
Write Timing Constraints           : NO
Cross Clock Analysis               : NO
Hierarchy Separator                : /
Bus Delimiter                      : <>
Case Specifier                     : Maintain
Slice Utilization Ratio            : 100
BRAM Utilization Ratio             : 100
DSP48 Utilization Ratio            : 100
Auto BRAM Packing                  : NO
Slice Utilization Ratio Delta      : 5

=========================================================================


=========================================================================
*                          HDL Parsing                                  *
=========================================================================
Analyzing Verilog file "D:\CO\CO_P7\W.v" into library work
Parsing module <W>.
Analyzing Verilog file "D:\CO\CO_P7\NPC.v" into library work
Parsing verilog file "head.v" included at line 2.
Parsing module <NPC>.
Analyzing Verilog file "D:\CO\CO_P7\MultDiv.v" into library work
Parsing verilog file "head.v" included at line 2.
Parsing module <MultDiv>.
Analyzing Verilog file "D:\CO\CO_P7\MFSCU.v" into library work
Parsing verilog file "head.v" included at line 2.
Parsing module <MFSCU>.
Analyzing Verilog file "D:\CO\CO_P7\M.v" into library work
Parsing module <M>.
Analyzing Verilog file "D:\CO\CO_P7\IFU.v" into library work
Parsing module <IFU>.
Analyzing Verilog file "D:\CO\CO_P7\GRF.v" into library work
Parsing module <GRF>.
Analyzing Verilog file "D:\CO\CO_P7\EXT.v" into library work
Parsing verilog file "head.v" included at line 2.
Parsing module <EXT>.
Analyzing Verilog file "D:\CO\CO_P7\EXC.v" into library work
Parsing module <EXC>.
Analyzing Verilog file "D:\CO\CO_P7\Encoder.v" into library work
Parsing verilog file "head.v" included at line 2.
Parsing module <Encoder>.
Analyzing Verilog file "D:\CO\CO_P7\E.v" into library work
Parsing module <E>.
Analyzing Verilog file "D:\CO\CO_P7\DP.v" into library work
Parsing verilog file "head.v" included at line 2.
Parsing module <DP>.
Analyzing Verilog file "D:\CO\CO_P7\D.v" into library work
Parsing module <D>.
Analyzing Verilog file "D:\CO\CO_P7\CP0.v" into library work
Parsing module <CP0>.
Analyzing Verilog file "D:\CO\CO_P7\Controller.v" into library work
Parsing verilog file "head.v" included at line 2.
Parsing module <Controller>.
Analyzing Verilog file "D:\CO\CO_P7\CMP.v" into library work
Parsing verilog file "head.v" included at line 3.
Parsing module <CMP>.
Analyzing Verilog file "D:\CO\CO_P7\BE.v" into library work
Parsing verilog file "head.v" included at line 2.
Parsing module <BE>.
Analyzing Verilog file "D:\CO\CO_P7\ALU.v" into library work
Parsing verilog file "head.v" included at line 2.
Parsing module <ALU>.
Analyzing Verilog file "D:\CO\CO_P7\TC.v" into library work
Parsing module <TC>.
Analyzing Verilog file "D:\CO\CO_P7\cpu.v" into library work
Parsing verilog file "head.v" included at line 2.
Parsing module <cpu>.
Analyzing Verilog file "D:\CO\CO_P7\Bridge.v" into library work
Parsing verilog file "head.v" included at line 2.
Parsing module <Bridge>.
Analyzing Verilog file "D:\CO\CO_P7\mips.v" into library work
Parsing verilog file "head.v" included at line 2.
Parsing module <mips>.

=========================================================================
*                            HDL Elaboration                            *
=========================================================================

Elaborating module <mips>.

Elaborating module <TC>.
WARNING:HDLCompiler:1016 - "D:\CO\CO_P7\cpu.v" Line 299: Port reset is not connected to this instance
WARNING:HDLCompiler:1016 - "D:\CO\CO_P7\cpu.v" Line 307: Port RegWrite is not connected to this instance
WARNING:HDLCompiler:1016 - "D:\CO\CO_P7\cpu.v" Line 320: Port EPC is not connected to this instance
WARNING:HDLCompiler:1016 - "D:\CO\CO_P7\cpu.v" Line 382: Port reset is not connected to this instance
WARNING:HDLCompiler:1016 - "D:\CO\CO_P7\cpu.v" Line 391: Port NPCOp is not connected to this instance
WARNING:HDLCompiler:1016 - "D:\CO\CO_P7\cpu.v" Line 453: Port reset is not connected to this instance
WARNING:HDLCompiler:1016 - "D:\CO\CO_P7\cpu.v" Line 464: Port NPCOp is not connected to this instance
WARNING:HDLCompiler:1016 - "D:\CO\CO_P7\cpu.v" Line 476: Port Req is not connected to this instance
WARNING:HDLCompiler:1016 - "D:\CO\CO_P7\cpu.v" Line 517: Port flush is not connected to this instance
WARNING:HDLCompiler:1016 - "D:\CO\CO_P7\cpu.v" Line 538: Port NPCOp is not connected to this instance

Elaborating module <cpu>.
WARNING:HDLCompiler:1127 - "D:\CO\CO_P7\cpu.v" Line 178: Assignment to flush_W ignored, since the identifier is never used

Elaborating module <MFSCU>.

Elaborating module <IFU>.

Elaborating module <D>.

Elaborating module <EXC>.

Elaborating module <Controller>.

Elaborating module <NPC>.

Elaborating module <GRF>.

Elaborating module <EXT>.

Elaborating module <CMP>.

Elaborating module <E>.

Elaborating module <ALU>.

Elaborating module <MultDiv>.
WARNING:HDLCompiler:413 - "D:\CO\CO_P7\MultDiv.v" Line 85: Result of 32-bit expression is truncated to fit in 4-bit target.

Elaborating module <M>.
WARNING:HDLCompiler:413 - "D:\CO\CO_P7\M.v" Line 72: Result of 32-bit expression is truncated to fit in 4-bit target.

Elaborating module <BE>.

Elaborating module <DP>.

Elaborating module <Encoder>.

Elaborating module <CP0>.
WARNING:HDLCompiler:1127 - "D:\CO\CO_P7\cpu.v" Line 511: Assignment to EPCOut ignored, since the identifier is never used

Elaborating module <W>.
WARNING:HDLCompiler:413 - "D:\CO\CO_P7\W.v" Line 72: Result of 32-bit expression is truncated to fit in 4-bit target.
WARNING:HDLCompiler:552 - "D:\CO\CO_P7\cpu.v" Line 299: Input port reset is not connected on this instance
WARNING:HDLCompiler:552 - "D:\CO\CO_P7\cpu.v" Line 320: Input port EPC[31] is not connected on this instance
WARNING:HDLCompiler:552 - "D:\CO\CO_P7\cpu.v" Line 382: Input port reset is not connected on this instance
WARNING:HDLCompiler:552 - "D:\CO\CO_P7\cpu.v" Line 453: Input port reset is not connected on this instance
WARNING:HDLCompiler:552 - "D:\CO\CO_P7\cpu.v" Line 476: Input port Req is not connected on this instance
WARNING:HDLCompiler:552 - "D:\CO\CO_P7\cpu.v" Line 517: Input port flush is not connected on this instance

Elaborating module <Bridge>.

=========================================================================
*                           HDL Synthesis                               *
=========================================================================

Synthesizing Unit <mips>.
    Related source file is "D:\CO\CO_P7\mips.v".
    Summary:
	no macro.
Unit <mips> synthesized.

Synthesizing Unit <TC>.
    Related source file is "D:\CO\CO_P7\TC.v".
WARNING:Xst:647 - Input <Addr<31:4>> is never used. This port will be preserved and left unconnected if it belongs to a top-level block or it belongs to a sub-block and the hierarchy of this sub-block is preserved.
    Found 1-bit register for signal <mem<2><31>>.
    Found 1-bit register for signal <mem<2><30>>.
    Found 1-bit register for signal <mem<2><29>>.
    Found 1-bit register for signal <mem<2><28>>.
    Found 1-bit register for signal <mem<2><27>>.
    Found 1-bit register for signal <mem<2><26>>.
    Found 1-bit register for signal <mem<2><25>>.
    Found 1-bit register for signal <mem<2><24>>.
    Found 1-bit register for signal <mem<2><23>>.
    Found 1-bit register for signal <mem<2><22>>.
    Found 1-bit register for signal <mem<2><21>>.
    Found 1-bit register for signal <mem<2><20>>.
    Found 1-bit register for signal <mem<2><19>>.
    Found 1-bit register for signal <mem<2><18>>.
    Found 1-bit register for signal <mem<2><17>>.
    Found 1-bit register for signal <mem<2><16>>.
    Found 1-bit register for signal <mem<2><15>>.
    Found 1-bit register for signal <mem<2><14>>.
    Found 1-bit register for signal <mem<2><13>>.
    Found 1-bit register for signal <mem<2><12>>.
    Found 1-bit register for signal <mem<2><11>>.
    Found 1-bit register for signal <mem<2><10>>.
    Found 1-bit register for signal <mem<2><9>>.
    Found 1-bit register for signal <mem<2><8>>.
    Found 1-bit register for signal <mem<2><7>>.
    Found 1-bit register for signal <mem<2><6>>.
    Found 1-bit register for signal <mem<2><5>>.
    Found 1-bit register for signal <mem<2><4>>.
    Found 1-bit register for signal <mem<2><3>>.
    Found 1-bit register for signal <mem<2><2>>.
    Found 1-bit register for signal <mem<2><1>>.
    Found 1-bit register for signal <mem<2><0>>.
    Found 1-bit register for signal <mem<1><31>>.
    Found 1-bit register for signal <mem<1><30>>.
    Found 1-bit register for signal <mem<1><29>>.
    Found 1-bit register for signal <mem<1><28>>.
    Found 1-bit register for signal <mem<1><27>>.
    Found 1-bit register for signal <mem<1><26>>.
    Found 1-bit register for signal <mem<1><25>>.
    Found 1-bit register for signal <mem<1><24>>.
    Found 1-bit register for signal <mem<1><23>>.
    Found 1-bit register for signal <mem<1><22>>.
    Found 1-bit register for signal <mem<1><21>>.
    Found 1-bit register for signal <mem<1><20>>.
    Found 1-bit register for signal <mem<1><19>>.
    Found 1-bit register for signal <mem<1><18>>.
    Found 1-bit register for signal <mem<1><17>>.
    Found 1-bit register for signal <mem<1><16>>.
    Found 1-bit register for signal <mem<1><15>>.
    Found 1-bit register for signal <mem<1><14>>.
    Found 1-bit register for signal <mem<1><13>>.
    Found 1-bit register for signal <mem<1><12>>.
    Found 1-bit register for signal <mem<1><11>>.
    Found 1-bit register for signal <mem<1><10>>.
    Found 1-bit register for signal <mem<1><9>>.
    Found 1-bit register for signal <mem<1><8>>.
    Found 1-bit register for signal <mem<1><7>>.
    Found 1-bit register for signal <mem<1><6>>.
    Found 1-bit register for signal <mem<1><5>>.
    Found 1-bit register for signal <mem<1><4>>.
    Found 1-bit register for signal <mem<1><3>>.
    Found 1-bit register for signal <mem<1><2>>.
    Found 1-bit register for signal <mem<1><1>>.
    Found 1-bit register for signal <mem<1><0>>.
    Found 1-bit register for signal <mem<0><31>>.
    Found 1-bit register for signal <mem<0><30>>.
    Found 1-bit register for signal <mem<0><29>>.
    Found 1-bit register for signal <mem<0><28>>.
    Found 1-bit register for signal <mem<0><27>>.
    Found 1-bit register for signal <mem<0><26>>.
    Found 1-bit register for signal <mem<0><25>>.
    Found 1-bit register for signal <mem<0><24>>.
    Found 1-bit register for signal <mem<0><23>>.
    Found 1-bit register for signal <mem<0><22>>.
    Found 1-bit register for signal <mem<0><21>>.
    Found 1-bit register for signal <mem<0><20>>.
    Found 1-bit register for signal <mem<0><19>>.
    Found 1-bit register for signal <mem<0><18>>.
    Found 1-bit register for signal <mem<0><17>>.
    Found 1-bit register for signal <mem<0><16>>.
    Found 1-bit register for signal <mem<0><15>>.
    Found 1-bit register for signal <mem<0><14>>.
    Found 1-bit register for signal <mem<0><13>>.
    Found 1-bit register for signal <mem<0><12>>.
    Found 1-bit register for signal <mem<0><11>>.
    Found 1-bit register for signal <mem<0><10>>.
    Found 1-bit register for signal <mem<0><9>>.
    Found 1-bit register for signal <mem<0><8>>.
    Found 1-bit register for signal <mem<0><7>>.
    Found 1-bit register for signal <mem<0><6>>.
    Found 1-bit register for signal <mem<0><5>>.
    Found 1-bit register for signal <mem<0><4>>.
    Found 1-bit register for signal <mem<0><3>>.
    Found 1-bit register for signal <mem<0><2>>.
    Found 1-bit register for signal <mem<0><1>>.
    Found 1-bit register for signal <mem<0><0>>.
    Found 1-bit register for signal <_IRQ>.
    Found 2-bit register for signal <state>.
    Found finite state machine <FSM_0> for signal <state>.
    -----------------------------------------------------------------------
    | States             | 4                                              |
    | Transitions        | 11                                             |
    | Inputs             | 3                                              |
    | Outputs            | 3                                              |
    | Clock              | clk (rising_edge)                              |
    | Reset              | reset (positive)                               |
    | Reset type         | synchronous                                    |
    | Reset State        | 00                                             |
    | Encoding           | auto                                           |
    | Implementation     | LUT                                            |
    -----------------------------------------------------------------------
    Found 32-bit subtractor for signal <mem[2][31]_GND_2_o_sub_10_OUT> created at line 72.
    Found 32-bit 3-to-1 multiplexer for signal <Dout> created at line 45.
    Found 32-bit comparator greater for signal <GND_2_o_mem[2][31]_LessThan_9_o> created at line 72
    Summary:
	inferred   1 Adder/Subtractor(s).
	inferred  97 D-type flip-flop(s).
	inferred   1 Comparator(s).
	inferred 126 Multiplexer(s).
	inferred   1 Finite State Machine(s).
Unit <TC> synthesized.

Synthesizing Unit <cpu>.
    Related source file is "D:\CO\CO_P7\cpu.v".
WARNING:Xst:2898 - Port 'reset', unconnected in block instance 'D_EXC', is tied to GND.
WARNING:Xst:2898 - Port 'Overflow_in', unconnected in block instance 'D_EXC', is tied to GND.
WARNING:Xst:2898 - Port 'EPC', unconnected in block instance 'myNPC', is tied to GND.
WARNING:Xst:2898 - Port 'reset', unconnected in block instance 'E_EXC', is tied to GND.
WARNING:Xst:2898 - Port 'Overflow_in', unconnected in block instance 'E_EXC', is tied to GND.
WARNING:Xst:2898 - Port 'reset', unconnected in block instance 'M_EXC', is tied to GND.
WARNING:Xst:2898 - Port 'Req', unconnected in block instance 'myBE', is tied to GND.
WARNING:Xst:2898 - Port 'flush', unconnected in block instance 'myW', is tied to GND.
INFO:Xst:3210 - "D:\CO\CO_P7\cpu.v" line 299: Output port <Overflow_out> of the instance <D_EXC> is unconnected or connected to loadless signal.
INFO:Xst:3210 - "D:\CO\CO_P7\cpu.v" line 307: Output port <RegSrc> of the instance <D_CU> is unconnected or connected to loadless signal.
INFO:Xst:3210 - "D:\CO\CO_P7\cpu.v" line 307: Output port <RegDst> of the instance <D_CU> is unconnected or connected to loadless signal.
INFO:Xst:3210 - "D:\CO\CO_P7\cpu.v" line 307: Output port <ALUOp> of the instance <D_CU> is unconnected or connected to loadless signal.
INFO:Xst:3210 - "D:\CO\CO_P7\cpu.v" line 307: Output port <MDOp> of the instance <D_CU> is unconnected or connected to loadless signal.
INFO:Xst:3210 - "D:\CO\CO_P7\cpu.v" line 307: Output port <BEOp> of the instance <D_CU> is unconnected or connected to loadless signal.
INFO:Xst:3210 - "D:\CO\CO_P7\cpu.v" line 307: Output port <DPOp> of the instance <D_CU> is unconnected or connected to loadless signal.
INFO:Xst:3210 - "D:\CO\CO_P7\cpu.v" line 307: Output port <Tnew> of the instance <D_CU> is unconnected or connected to loadless signal.
INFO:Xst:3210 - "D:\CO\CO_P7\cpu.v" line 307: Output port <RegWrite> of the instance <D_CU> is unconnected or connected to loadless signal.
INFO:Xst:3210 - "D:\CO\CO_P7\cpu.v" line 307: Output port <ALUSrc> of the instance <D_CU> is unconnected or connected to loadless signal.
INFO:Xst:3210 - "D:\CO\CO_P7\cpu.v" line 307: Output port <MDWrite> of the instance <D_CU> is unconnected or connected to loadless signal.
INFO:Xst:3210 - "D:\CO\CO_P7\cpu.v" line 307: Output port <MDSel> of the instance <D_CU> is unconnected or connected to loadless signal.
INFO:Xst:3210 - "D:\CO\CO_P7\cpu.v" line 307: Output port <MemWrite> of the instance <D_CU> is unconnected or connected to loadless signal.
INFO:Xst:3210 - "D:\CO\CO_P7\cpu.v" line 307: Output port <CPWrite> of the instance <D_CU> is unconnected or connected to loadless signal.
INFO:Xst:3210 - "D:\CO\CO_P7\cpu.v" line 307: Output port <Start> of the instance <D_CU> is unconnected or connected to loadless signal.
INFO:Xst:3210 - "D:\CO\CO_P7\cpu.v" line 382: Output port <Overflow_out> of the instance <E_EXC> is unconnected or connected to loadless signal.
INFO:Xst:3210 - "D:\CO\CO_P7\cpu.v" line 391: Output port <NPCOp> of the instance <E_CU> is unconnected or connected to loadless signal.
INFO:Xst:3210 - "D:\CO\CO_P7\cpu.v" line 391: Output port <EXTOp> of the instance <E_CU> is unconnected or connected to loadless signal.
INFO:Xst:3210 - "D:\CO\CO_P7\cpu.v" line 391: Output port <CMPOp> of the instance <E_CU> is unconnected or connected to loadless signal.
INFO:Xst:3210 - "D:\CO\CO_P7\cpu.v" line 391: Output port <BEOp> of the instance <E_CU> is unconnected or connected to loadless signal.
INFO:Xst:3210 - "D:\CO\CO_P7\cpu.v" line 391: Output port <DPOp> of the instance <E_CU> is unconnected or connected to loadless signal.
INFO:Xst:3210 - "D:\CO\CO_P7\cpu.v" line 391: Output port <Tuse_RS> of the instance <E_CU> is unconnected or connected to loadless signal.
INFO:Xst:3210 - "D:\CO\CO_P7\cpu.v" line 391: Output port <Tuse_RT> of the instance <E_CU> is unconnected or connected to loadless signal.
INFO:Xst:3210 - "D:\CO\CO_P7\cpu.v" line 391: Output port <MemWrite> of the instance <E_CU> is unconnected or connected to loadless signal.
INFO:Xst:3210 - "D:\CO\CO_P7\cpu.v" line 391: Output port <CPWrite> of the instance <E_CU> is unconnected or connected to loadless signal.
INFO:Xst:3210 - "D:\CO\CO_P7\cpu.v" line 391: Output port <ISDB_F> of the instance <E_CU> is unconnected or connected to loadless signal.
INFO:Xst:3210 - "D:\CO\CO_P7\cpu.v" line 391: Output port <flush_D> of the instance <E_CU> is unconnected or connected to loadless signal.
INFO:Xst:3210 - "D:\CO\CO_P7\cpu.v" line 391: Output port <PC_ERET> of the instance <E_CU> is unconnected or connected to loadless signal.
INFO:Xst:3210 - "D:\CO\CO_P7\cpu.v" line 464: Output port <NPCOp> of the instance <M_CU> is unconnected or connected to loadless signal.
INFO:Xst:3210 - "D:\CO\CO_P7\cpu.v" line 464: Output port <EXTOp> of the instance <M_CU> is unconnected or connected to loadless signal.
INFO:Xst:3210 - "D:\CO\CO_P7\cpu.v" line 464: Output port <CMPOp> of the instance <M_CU> is unconnected or connected to loadless signal.
INFO:Xst:3210 - "D:\CO\CO_P7\cpu.v" line 464: Output port <ALUOp> of the instance <M_CU> is unconnected or connected to loadless signal.
INFO:Xst:3210 - "D:\CO\CO_P7\cpu.v" line 464: Output port <MDOp> of the instance <M_CU> is unconnected or connected to loadless signal.
INFO:Xst:3210 - "D:\CO\CO_P7\cpu.v" line 464: Output port <Tnew> of the instance <M_CU> is unconnected or connected to loadless signal.
INFO:Xst:3210 - "D:\CO\CO_P7\cpu.v" line 464: Output port <Tuse_RS> of the instance <M_CU> is unconnected or connected to loadless signal.
INFO:Xst:3210 - "D:\CO\CO_P7\cpu.v" line 464: Output port <Tuse_RT> of the instance <M_CU> is unconnected or connected to loadless signal.
INFO:Xst:3210 - "D:\CO\CO_P7\cpu.v" line 464: Output port <ALUSrc> of the instance <M_CU> is unconnected or connected to loadless signal.
INFO:Xst:3210 - "D:\CO\CO_P7\cpu.v" line 464: Output port <MDWrite> of the instance <M_CU> is unconnected or connected to loadless signal.
INFO:Xst:3210 - "D:\CO\CO_P7\cpu.v" line 464: Output port <MDSel> of the instance <M_CU> is unconnected or connected to loadless signal.
INFO:Xst:3210 - "D:\CO\CO_P7\cpu.v" line 464: Output port <Start> of the instance <M_CU> is unconnected or connected to loadless signal.
INFO:Xst:3210 - "D:\CO\CO_P7\cpu.v" line 464: Output port <ISDB_F> of the instance <M_CU> is unconnected or connected to loadless signal.
INFO:Xst:3210 - "D:\CO\CO_P7\cpu.v" line 464: Output port <flush_D> of the instance <M_CU> is unconnected or connected to loadless signal.
INFO:Xst:3210 - "D:\CO\CO_P7\cpu.v" line 464: Output port <PC_ERET> of the instance <M_CU> is unconnected or connected to loadless signal.
INFO:Xst:3210 - "D:\CO\CO_P7\cpu.v" line 500: Output port <EPCout> of the instance <myCP0> is unconnected or connected to loadless signal.
INFO:Xst:3210 - "D:\CO\CO_P7\cpu.v" line 538: Output port <NPCOp> of the instance <W_CU> is unconnected or connected to loadless signal.
INFO:Xst:3210 - "D:\CO\CO_P7\cpu.v" line 538: Output port <EXTOp> of the instance <W_CU> is unconnected or connected to loadless signal.
INFO:Xst:3210 - "D:\CO\CO_P7\cpu.v" line 538: Output port <CMPOp> of the instance <W_CU> is unconnected or connected to loadless signal.
INFO:Xst:3210 - "D:\CO\CO_P7\cpu.v" line 538: Output port <ALUOp> of the instance <W_CU> is unconnected or connected to loadless signal.
INFO:Xst:3210 - "D:\CO\CO_P7\cpu.v" line 538: Output port <MDOp> of the instance <W_CU> is unconnected or connected to loadless signal.
INFO:Xst:3210 - "D:\CO\CO_P7\cpu.v" line 538: Output port <BEOp> of the instance <W_CU> is unconnected or connected to loadless signal.
INFO:Xst:3210 - "D:\CO\CO_P7\cpu.v" line 538: Output port <DPOp> of the instance <W_CU> is unconnected or connected to loadless signal.
INFO:Xst:3210 - "D:\CO\CO_P7\cpu.v" line 538: Output port <Tnew> of the instance <W_CU> is unconnected or connected to loadless signal.
INFO:Xst:3210 - "D:\CO\CO_P7\cpu.v" line 538: Output port <Tuse_RS> of the instance <W_CU> is unconnected or connected to loadless signal.
INFO:Xst:3210 - "D:\CO\CO_P7\cpu.v" line 538: Output port <Tuse_RT> of the instance <W_CU> is unconnected or connected to loadless signal.
INFO:Xst:3210 - "D:\CO\CO_P7\cpu.v" line 538: Output port <ALUSrc> of the instance <W_CU> is unconnected or connected to loadless signal.
INFO:Xst:3210 - "D:\CO\CO_P7\cpu.v" line 538: Output port <MDWrite> of the instance <W_CU> is unconnected or connected to loadless signal.
INFO:Xst:3210 - "D:\CO\CO_P7\cpu.v" line 538: Output port <MDSel> of the instance <W_CU> is unconnected or connected to loadless signal.
INFO:Xst:3210 - "D:\CO\CO_P7\cpu.v" line 538: Output port <MemWrite> of the instance <W_CU> is unconnected or connected to loadless signal.
INFO:Xst:3210 - "D:\CO\CO_P7\cpu.v" line 538: Output port <CPWrite> of the instance <W_CU> is unconnected or connected to loadless signal.
INFO:Xst:3210 - "D:\CO\CO_P7\cpu.v" line 538: Output port <Start> of the instance <W_CU> is unconnected or connected to loadless signal.
INFO:Xst:3210 - "D:\CO\CO_P7\cpu.v" line 538: Output port <ISDB_F> of the instance <W_CU> is unconnected or connected to loadless signal.
INFO:Xst:3210 - "D:\CO\CO_P7\cpu.v" line 538: Output port <flush_D> of the instance <W_CU> is unconnected or connected to loadless signal.
INFO:Xst:3210 - "D:\CO\CO_P7\cpu.v" line 538: Output port <PC_ERET> of the instance <W_CU> is unconnected or connected to loadless signal.
    Found 5-bit 4-to-1 multiplexer for signal <RegAddr_E> created at line 94.
    Found 32-bit 4-to-1 multiplexer for signal <_n0228> created at line 96.
    Found 5-bit 4-to-1 multiplexer for signal <RegAddr_W> created at line 143.
    Found 32-bit 7-to-1 multiplexer for signal <RegData_W> created at line 144.
    Found 5-bit 4-to-1 multiplexer for signal <RegAddr_M> created at line 122.
    Found 32-bit 7-to-1 multiplexer for signal <RegData_M> created at line 123.
    Found 32-bit 4-to-1 multiplexer for signal <T_RD1_D> created at line 65.
    Found 32-bit 4-to-1 multiplexer for signal <T_RD2_D> created at line 66.
    Found 32-bit 4-to-1 multiplexer for signal <T_RD1_E> created at line 84.
    Found 32-bit 4-to-1 multiplexer for signal <T_RD2_E> created at line 85.
    Summary:
	inferred  12 Multiplexer(s).
Unit <cpu> synthesized.

Synthesizing Unit <MFSCU>.
    Related source file is "D:\CO\CO_P7\MFSCU.v".
WARNING:Xst:647 - Input <Instr_D<15:6>> is never used. This port will be preserved and left unconnected if it belongs to a top-level block or it belongs to a sub-block and the hierarchy of this sub-block is preserved.
WARNING:Xst:647 - Input <Instr_E<15:0>> is never used. This port will be preserved and left unconnected if it belongs to a top-level block or it belongs to a sub-block and the hierarchy of this sub-block is preserved.
WARNING:Xst:647 - Input <Instr_E<31:26>> is never used. This port will be preserved and left unconnected if it belongs to a top-level block or it belongs to a sub-block and the hierarchy of this sub-block is preserved.
WARNING:Xst:647 - Input <Instr_M<15:0>> is never used. This port will be preserved and left unconnected if it belongs to a top-level block or it belongs to a sub-block and the hierarchy of this sub-block is preserved.
WARNING:Xst:647 - Input <Instr_M<31:21>> is never used. This port will be preserved and left unconnected if it belongs to a top-level block or it belongs to a sub-block and the hierarchy of this sub-block is preserved.
    Found 5-bit comparator equal for signal <RegAddr_E[4]_rs_D[4]_equal_17_o> created at line 65
    Found 5-bit comparator equal for signal <RegAddr_M[4]_rs_D[4]_equal_19_o> created at line 67
    Found 5-bit comparator equal for signal <RegAddr_E[4]_rt_D[4]_equal_23_o> created at line 72
    Found 5-bit comparator equal for signal <RegAddr_M[4]_rt_D[4]_equal_25_o> created at line 74
    Found 5-bit comparator equal for signal <RegAddr_M[4]_rs_E[4]_equal_29_o> created at line 79
    Found 5-bit comparator equal for signal <RegAddr_W[4]_rs_E[4]_equal_31_o> created at line 81
    Found 5-bit comparator equal for signal <RegAddr_M[4]_rt_E[4]_equal_35_o> created at line 86
    Found 5-bit comparator equal for signal <RegAddr_W[4]_rt_E[4]_equal_37_o> created at line 88
    Found 5-bit comparator equal for signal <RegAddr_W[4]_rt_M[4]_equal_41_o> created at line 93
    Found 4-bit comparator greater for signal <Tuse_RS[3]_Tnew_E[3]_LessThan_44_o> created at line 109
    Found 4-bit comparator greater for signal <Tuse_RS[3]_Tnew_M[3]_LessThan_47_o> created at line 110
    Found 4-bit comparator greater for signal <Tuse_RS[3]_Tnew_W[3]_LessThan_50_o> created at line 111
    Found 5-bit comparator equal for signal <RegAddr_W[4]_rs_D[4]_equal_52_o> created at line 111
    Found 4-bit comparator greater for signal <Tuse_RT[3]_Tnew_E[3]_LessThan_53_o> created at line 113
    Found 4-bit comparator greater for signal <Tuse_RT[3]_Tnew_M[3]_LessThan_56_o> created at line 114
    Found 4-bit comparator greater for signal <Tuse_RT[3]_Tnew_W[3]_LessThan_59_o> created at line 115
    Found 5-bit comparator equal for signal <RegAddr_W[4]_rt_D[4]_equal_61_o> created at line 115
    Summary:
	inferred  17 Comparator(s).
	inferred   4 Multiplexer(s).
Unit <MFSCU> synthesized.

Synthesizing Unit <IFU>.
    Related source file is "D:\CO\CO_P7\IFU.v".
    Found 32-bit register for signal <pc_reg>.
    Found 32-bit subtractor for signal <npc[31]_GND_5_o_sub_4_OUT> created at line 36.
    Found 32-bit adder for signal <pc> created at line 39.
    Found 32-bit comparator greater for signal <GND_5_o_npc[31]_LessThan_3_o> created at line 33
    Summary:
	inferred   2 Adder/Subtractor(s).
	inferred  32 D-type flip-flop(s).
	inferred   1 Comparator(s).
Unit <IFU> synthesized.

Synthesizing Unit <D>.
    Related source file is "D:\CO\CO_P7\D.v".
WARNING:Xst:647 - Input <ISDB_F> is never used. This port will be preserved and left unconnected if it belongs to a top-level block or it belongs to a sub-block and the hierarchy of this sub-block is preserved.
WARNING:Xst:647 - Input <Cond> is never used. This port will be preserved and left unconnected if it belongs to a top-level block or it belongs to a sub-block and the hierarchy of this sub-block is preserved.
    Found 32-bit register for signal <pc>.
    Found 1-bit register for signal <isdb>.
    Found 32-bit register for signal <Instr>.
    Summary:
	inferred  65 D-type flip-flop(s).
Unit <D> synthesized.

Synthesizing Unit <EXC>.
    Related source file is "D:\CO\CO_P7\EXC.v".
    Found 1-bit register for signal <pc_exc>.
    Found 1-bit register for signal <overflow>.
    Summary:
	inferred   2 D-type flip-flop(s).
Unit <EXC> synthesized.

Synthesizing Unit <Controller>.
    Related source file is "D:\CO\CO_P7\Controller.v".
    Summary:
	inferred  28 Multiplexer(s).
Unit <Controller> synthesized.

Synthesizing Unit <NPC>.
    Related source file is "D:\CO\CO_P7\NPC.v".
WARNING:Xst:647 - Input <pc_D<27:0>> is never used. This port will be preserved and left unconnected if it belongs to a top-level block or it belongs to a sub-block and the hierarchy of this sub-block is preserved.
    Found 32-bit adder for signal <pc4> created at line 43.
    Found 32-bit adder for signal <pc_F[31]_Imm16[15]_add_1_OUT> created at line 46.
    Found 32-bit 7-to-1 multiplexer for signal <NPCOp[2]_GND_9_o_wide_mux_2_OUT> created at line 41.
    Found 32-bit comparator greater for signal <next_pc[31]_GND_9_o_LessThan_8_o> created at line 68
    Found 32-bit comparator greater for signal <GND_9_o_next_pc[31]_LessThan_9_o> created at line 68
    Summary:
	inferred   2 Adder/Subtractor(s).
	inferred   2 Comparator(s).
	inferred   8 Multiplexer(s).
Unit <NPC> synthesized.

Synthesizing Unit <GRF>.
    Related source file is "D:\CO\CO_P7\GRF.v".
WARNING:Xst:647 - Input <pc> is never used. This port will be preserved and left unconnected if it belongs to a top-level block or it belongs to a sub-block and the hierarchy of this sub-block is preserved.
    Found 1024-bit register for signal <n0061[1023:0]>.
    Found 32-bit 32-to-1 multiplexer for signal <A1[4]_mem[31][31]_wide_mux_44_OUT> created at line 63.
    Found 32-bit 32-to-1 multiplexer for signal <A2[4]_mem[31][31]_wide_mux_49_OUT> created at line 64.
    Found 5-bit comparator equal for signal <RegAddr[4]_A1[4]_equal_42_o> created at line 63
    Found 5-bit comparator equal for signal <RegAddr[4]_A2[4]_equal_47_o> created at line 64
    Summary:
	inferred 1024 D-type flip-flop(s).
	inferred   2 Comparator(s).
	inferred  36 Multiplexer(s).
Unit <GRF> synthesized.

Synthesizing Unit <EXT>.
    Related source file is "D:\CO\CO_P7\EXT.v".
    Found 32-bit 4-to-1 multiplexer for signal <ExtImm> created at line 25.
    Summary:
	inferred   1 Multiplexer(s).
Unit <EXT> synthesized.

Synthesizing Unit <CMP>.
    Related source file is "D:\CO\CO_P7\CMP.v".
    Found 32-bit comparator equal for signal <C1[31]_C2[31]_equal_2_o> created at line 30
    Summary:
	inferred   1 Comparator(s).
	inferred   1 Multiplexer(s).
Unit <CMP> synthesized.

Synthesizing Unit <E>.
    Related source file is "D:\CO\CO_P7\E.v".
    Found 32-bit register for signal <pc>.
    Found 32-bit register for signal <RD1Reg>.
    Found 32-bit register for signal <RD2Reg>.
    Found 32-bit register for signal <pc4Reg>.
    Found 32-bit register for signal <ExtReg>.
    Found 1-bit register for signal <isdb>.
    Found 32-bit register for signal <Instr>.
    Summary:
	inferred 193 D-type flip-flop(s).
	inferred   5 Multiplexer(s).
Unit <E> synthesized.

Synthesizing Unit <ALU>.
    Related source file is "D:\CO\CO_P7\ALU.v".
    Found 32-bit subtractor for signal <srcA[31]_srcB[31]_sub_4_OUT> created at line 43.
    Found 33-bit subtractor for signal <n0033> created at line 44.
    Found 32-bit adder for signal <srcA[31]_srcB[31]_add_0_OUT> created at line 35.
    Found 33-bit adder for signal <n0031> created at line 36.
    Found 32-bit 8-to-1 multiplexer for signal <_n0065> created at line 26.
    Found 1-bit comparator not equal for signal <n0002> created at line 37
    Found 1-bit comparator not equal for signal <n0006> created at line 45
    Found 32-bit comparator greater for signal <srcB[31]_srcA[31]_LessThan_9_o> created at line 60
    Found 32-bit comparator greater for signal <srcA[31]_srcB[31]_LessThan_11_o> created at line 66
    Summary:
	inferred   3 Adder/Subtractor(s).
	inferred   4 Comparator(s).
	inferred   7 Multiplexer(s).
Unit <ALU> synthesized.

Synthesizing Unit <MultDiv>.
    Related source file is "D:\CO\CO_P7\MultDiv.v".
    Found 32-bit register for signal <lo>.
    Found 32-bit register for signal <tmp_hi>.
    Found 32-bit register for signal <tmp_lo>.
    Found 4-bit register for signal <cnt>.
    Found 32-bit register for signal <hi>.
    Found 4-bit subtractor for signal <GND_15_o_GND_15_o_sub_11_OUT<3:0>> created at line 85.
    Found 32x32-bit multiplier for signal <MD1[31]_MD2[31]_MuLt_46_OUT> created at line 113.
    Found 32x32-bit multiplier for signal <MD1[31]_MD2[31]_MuLt_48_OUT> created at line 116.
    Found 32-bit 6-to-1 multiplexer for signal <val_hi> created at line 39.
    Found 32-bit 6-to-1 multiplexer for signal <val_lo> created at line 40.
    Summary:
	inferred   2 Multiplier(s).
	inferred   1 Adder/Subtractor(s).
	inferred 132 D-type flip-flop(s).
	inferred  11 Multiplexer(s).
Unit <MultDiv> synthesized.

Synthesizing Unit <rem_32s_32s>.
    Related source file is "".
    Found 32-bit subtractor for signal <a[31]_unary_minus_1_OUT> created at line 0.
    Found 32-bit subtractor for signal <b[31]_unary_minus_3_OUT> created at line 0.
    Found 64-bit adder for signal <n3511> created at line 0.
    Found 64-bit adder for signal <GND_18_o_b[31]_add_5_OUT> created at line 0.
    Found 63-bit adder for signal <n3515> created at line 0.
    Found 63-bit adder for signal <GND_18_o_b[31]_add_7_OUT> created at line 0.
    Found 62-bit adder for signal <n3519> created at line 0.
    Found 62-bit adder for signal <GND_18_o_b[31]_add_9_OUT> created at line 0.
    Found 61-bit adder for signal <n3523> created at line 0.
    Found 61-bit adder for signal <GND_18_o_b[31]_add_11_OUT> created at line 0.
    Found 60-bit adder for signal <n3527> created at line 0.
    Found 60-bit adder for signal <GND_18_o_b[31]_add_13_OUT> created at line 0.
    Found 59-bit adder for signal <n3531> created at line 0.
    Found 59-bit adder for signal <GND_18_o_b[31]_add_15_OUT> created at line 0.
    Found 58-bit adder for signal <n3535> created at line 0.
    Found 58-bit adder for signal <GND_18_o_b[31]_add_17_OUT> created at line 0.
    Found 57-bit adder for signal <n3539> created at line 0.
    Found 57-bit adder for signal <GND_18_o_b[31]_add_19_OUT> created at line 0.
    Found 56-bit adder for signal <n3543> created at line 0.
    Found 56-bit adder for signal <GND_18_o_b[31]_add_21_OUT> created at line 0.
    Found 55-bit adder for signal <n3547> created at line 0.
    Found 55-bit adder for signal <GND_18_o_b[31]_add_23_OUT> created at line 0.
    Found 54-bit adder for signal <n3551> created at line 0.
    Found 54-bit adder for signal <GND_18_o_b[31]_add_25_OUT> created at line 0.
    Found 53-bit adder for signal <n3555> created at line 0.
    Found 53-bit adder for signal <GND_18_o_b[31]_add_27_OUT> created at line 0.
    Found 52-bit adder for signal <n3559> created at line 0.
    Found 52-bit adder for signal <GND_18_o_b[31]_add_29_OUT> created at line 0.
    Found 51-bit adder for signal <n3563> created at line 0.
    Found 51-bit adder for signal <GND_18_o_b[31]_add_31_OUT> created at line 0.
    Found 50-bit adder for signal <n3567> created at line 0.
    Found 50-bit adder for signal <GND_18_o_b[31]_add_33_OUT> created at line 0.
    Found 49-bit adder for signal <n3571> created at line 0.
    Found 49-bit adder for signal <GND_18_o_b[31]_add_35_OUT> created at line 0.
    Found 48-bit adder for signal <n3575> created at line 0.
    Found 48-bit adder for signal <GND_18_o_b[31]_add_37_OUT> created at line 0.
    Found 47-bit adder for signal <n3579> created at line 0.
    Found 47-bit adder for signal <GND_18_o_b[31]_add_39_OUT> created at line 0.
    Found 46-bit adder for signal <n3583> created at line 0.
    Found 46-bit adder for signal <GND_18_o_b[31]_add_41_OUT> created at line 0.
    Found 45-bit adder for signal <n3587> created at line 0.
    Found 45-bit adder for signal <GND_18_o_b[31]_add_43_OUT> created at line 0.
    Found 44-bit adder for signal <n3591> created at line 0.
    Found 44-bit adder for signal <GND_18_o_b[31]_add_45_OUT> created at line 0.
    Found 43-bit adder for signal <n3595> created at line 0.
    Found 43-bit adder for signal <GND_18_o_b[31]_add_47_OUT> created at line 0.
    Found 42-bit adder for signal <n3599> created at line 0.
    Found 42-bit adder for signal <GND_18_o_b[31]_add_49_OUT> created at line 0.
    Found 41-bit adder for signal <n3603> created at line 0.
    Found 41-bit adder for signal <GND_18_o_b[31]_add_51_OUT> created at line 0.
    Found 40-bit adder for signal <n3607> created at line 0.
    Found 40-bit adder for signal <GND_18_o_b[31]_add_53_OUT> created at line 0.
    Found 39-bit adder for signal <n3611> created at line 0.
    Found 39-bit adder for signal <GND_18_o_b[31]_add_55_OUT> created at line 0.
    Found 38-bit adder for signal <n3615> created at line 0.
    Found 38-bit adder for signal <GND_18_o_b[31]_add_57_OUT> created at line 0.
    Found 37-bit adder for signal <n3619> created at line 0.
    Found 37-bit adder for signal <GND_18_o_b[31]_add_59_OUT> created at line 0.
    Found 36-bit adder for signal <n3623> created at line 0.
    Found 36-bit adder for signal <GND_18_o_b[31]_add_61_OUT> created at line 0.
    Found 35-bit adder for signal <n3627> created at line 0.
    Found 35-bit adder for signal <GND_18_o_b[31]_add_63_OUT> created at line 0.
    Found 34-bit adder for signal <n3631> created at line 0.
    Found 34-bit adder for signal <GND_18_o_b[31]_add_65_OUT> created at line 0.
    Found 33-bit adder for signal <n3635> created at line 0.
    Found 33-bit adder for signal <GND_18_o_b[31]_add_67_OUT> created at line 0.
    Found 32-bit adder for signal <n3639> created at line 0.
    Found 32-bit adder for signal <a[31]_b[31]_add_69_OUT> created at line 0.
    Found 32-bit adder for signal <GND_18_o_a[31]_add_70_OUT[31:0]> created at line 0.
    Found 64-bit comparator lessequal for signal <BUS_0001> created at line 0
    Found 63-bit comparator lessequal for signal <BUS_0002> created at line 0
    Found 62-bit comparator lessequal for signal <BUS_0003> created at line 0
    Found 61-bit comparator lessequal for signal <BUS_0004> created at line 0
    Found 60-bit comparator lessequal for signal <BUS_0005> created at line 0
    Found 59-bit comparator lessequal for signal <BUS_0006> created at line 0
    Found 58-bit comparator lessequal for signal <BUS_0007> created at line 0
    Found 57-bit comparator lessequal for signal <BUS_0008> created at line 0
    Found 56-bit comparator lessequal for signal <BUS_0009> created at line 0
    Found 55-bit comparator lessequal for signal <BUS_0010> created at line 0
    Found 54-bit comparator lessequal for signal <BUS_0011> created at line 0
    Found 53-bit comparator lessequal for signal <BUS_0012> created at line 0
    Found 52-bit comparator lessequal for signal <BUS_0013> created at line 0
    Found 51-bit comparator lessequal for signal <BUS_0014> created at line 0
    Found 50-bit comparator lessequal for signal <BUS_0015> created at line 0
    Found 49-bit comparator lessequal for signal <BUS_0016> created at line 0
    Found 48-bit comparator lessequal for signal <BUS_0017> created at line 0
    Found 47-bit comparator lessequal for signal <BUS_0018> created at line 0
    Found 46-bit comparator lessequal for signal <BUS_0019> created at line 0
    Found 45-bit comparator lessequal for signal <BUS_0020> created at line 0
    Found 44-bit comparator lessequal for signal <BUS_0021> created at line 0
    Found 43-bit comparator lessequal for signal <BUS_0022> created at line 0
    Found 42-bit comparator lessequal for signal <BUS_0023> created at line 0
    Found 41-bit comparator lessequal for signal <BUS_0024> created at line 0
    Found 40-bit comparator lessequal for signal <BUS_0025> created at line 0
    Found 39-bit comparator lessequal for signal <BUS_0026> created at line 0
    Found 38-bit comparator lessequal for signal <BUS_0027> created at line 0
    Found 37-bit comparator lessequal for signal <BUS_0028> created at line 0
    Found 36-bit comparator lessequal for signal <BUS_0029> created at line 0
    Found 35-bit comparator lessequal for signal <BUS_0030> created at line 0
    Found 34-bit comparator lessequal for signal <BUS_0031> created at line 0
    Found 33-bit comparator lessequal for signal <BUS_0032> created at line 0
    Found 32-bit comparator lessequal for signal <BUS_0033> created at line 0
    Summary:
	inferred  69 Adder/Subtractor(s).
	inferred  33 Comparator(s).
	inferred 1059 Multiplexer(s).
Unit <rem_32s_32s> synthesized.

Synthesizing Unit <div_32s_32s>.
    Related source file is "".
    Found 32-bit subtractor for signal <a[31]_unary_minus_1_OUT> created at line 0.
    Found 32-bit subtractor for signal <b[31]_unary_minus_3_OUT> created at line 0.
    Found 64-bit adder for signal <n3514> created at line 0.
    Found 64-bit adder for signal <GND_20_o_b[31]_add_5_OUT> created at line 0.
    Found 63-bit adder for signal <n3518> created at line 0.
    Found 63-bit adder for signal <GND_20_o_b[31]_add_7_OUT> created at line 0.
    Found 62-bit adder for signal <n3522> created at line 0.
    Found 62-bit adder for signal <GND_20_o_b[31]_add_9_OUT> created at line 0.
    Found 61-bit adder for signal <n3526> created at line 0.
    Found 61-bit adder for signal <GND_20_o_b[31]_add_11_OUT> created at line 0.
    Found 60-bit adder for signal <n3530> created at line 0.
    Found 60-bit adder for signal <GND_20_o_b[31]_add_13_OUT> created at line 0.
    Found 59-bit adder for signal <n3534> created at line 0.
    Found 59-bit adder for signal <GND_20_o_b[31]_add_15_OUT> created at line 0.
    Found 58-bit adder for signal <n3538> created at line 0.
    Found 58-bit adder for signal <GND_20_o_b[31]_add_17_OUT> created at line 0.
    Found 57-bit adder for signal <n3542> created at line 0.
    Found 57-bit adder for signal <GND_20_o_b[31]_add_19_OUT> created at line 0.
    Found 56-bit adder for signal <n3546> created at line 0.
    Found 56-bit adder for signal <GND_20_o_b[31]_add_21_OUT> created at line 0.
    Found 55-bit adder for signal <n3550> created at line 0.
    Found 55-bit adder for signal <GND_20_o_b[31]_add_23_OUT> created at line 0.
    Found 54-bit adder for signal <n3554> created at line 0.
    Found 54-bit adder for signal <GND_20_o_b[31]_add_25_OUT> created at line 0.
    Found 53-bit adder for signal <n3558> created at line 0.
    Found 53-bit adder for signal <GND_20_o_b[31]_add_27_OUT> created at line 0.
    Found 52-bit adder for signal <n3562> created at line 0.
    Found 52-bit adder for signal <GND_20_o_b[31]_add_29_OUT> created at line 0.
    Found 51-bit adder for signal <n3566> created at line 0.
    Found 51-bit adder for signal <GND_20_o_b[31]_add_31_OUT> created at line 0.
    Found 50-bit adder for signal <n3570> created at line 0.
    Found 50-bit adder for signal <GND_20_o_b[31]_add_33_OUT> created at line 0.
    Found 49-bit adder for signal <n3574> created at line 0.
    Found 49-bit adder for signal <GND_20_o_b[31]_add_35_OUT> created at line 0.
    Found 48-bit adder for signal <n3578> created at line 0.
    Found 48-bit adder for signal <GND_20_o_b[31]_add_37_OUT> created at line 0.
    Found 47-bit adder for signal <n3582> created at line 0.
    Found 47-bit adder for signal <GND_20_o_b[31]_add_39_OUT> created at line 0.
    Found 46-bit adder for signal <n3586> created at line 0.
    Found 46-bit adder for signal <GND_20_o_b[31]_add_41_OUT> created at line 0.
    Found 45-bit adder for signal <n3590> created at line 0.
    Found 45-bit adder for signal <GND_20_o_b[31]_add_43_OUT> created at line 0.
    Found 44-bit adder for signal <n3594> created at line 0.
    Found 44-bit adder for signal <GND_20_o_b[31]_add_45_OUT> created at line 0.
    Found 43-bit adder for signal <n3598> created at line 0.
    Found 43-bit adder for signal <GND_20_o_b[31]_add_47_OUT> created at line 0.
    Found 42-bit adder for signal <n3602> created at line 0.
    Found 42-bit adder for signal <GND_20_o_b[31]_add_49_OUT> created at line 0.
    Found 41-bit adder for signal <n3606> created at line 0.
    Found 41-bit adder for signal <GND_20_o_b[31]_add_51_OUT> created at line 0.
    Found 40-bit adder for signal <n3610> created at line 0.
    Found 40-bit adder for signal <GND_20_o_b[31]_add_53_OUT> created at line 0.
    Found 39-bit adder for signal <n3614> created at line 0.
    Found 39-bit adder for signal <GND_20_o_b[31]_add_55_OUT> created at line 0.
    Found 38-bit adder for signal <n3618> created at line 0.
    Found 38-bit adder for signal <GND_20_o_b[31]_add_57_OUT> created at line 0.
    Found 37-bit adder for signal <n3622> created at line 0.
    Found 37-bit adder for signal <GND_20_o_b[31]_add_59_OUT> created at line 0.
    Found 36-bit adder for signal <n3626> created at line 0.
    Found 36-bit adder for signal <GND_20_o_b[31]_add_61_OUT> created at line 0.
    Found 35-bit adder for signal <n3630> created at line 0.
    Found 35-bit adder for signal <GND_20_o_b[31]_add_63_OUT> created at line 0.
    Found 34-bit adder for signal <n3634> created at line 0.
    Found 34-bit adder for signal <GND_20_o_b[31]_add_65_OUT> created at line 0.
    Found 33-bit adder for signal <n3638> created at line 0.
    Found 33-bit adder for signal <GND_20_o_b[31]_add_67_OUT> created at line 0.
    Found 33-bit adder for signal <GND_20_o_BUS_0001_add_70_OUT[32:0]> created at line 0.
    Found 64-bit comparator greater for signal <BUS_0001_INV_3461_o> created at line 0
    Found 63-bit comparator greater for signal <BUS_0002_INV_3460_o> created at line 0
    Found 62-bit comparator greater for signal <BUS_0003_INV_3459_o> created at line 0
    Found 61-bit comparator greater for signal <BUS_0004_INV_3458_o> created at line 0
    Found 60-bit comparator greater for signal <BUS_0005_INV_3457_o> created at line 0
    Found 59-bit comparator greater for signal <BUS_0006_INV_3456_o> created at line 0
    Found 58-bit comparator greater for signal <BUS_0007_INV_3455_o> created at line 0
    Found 57-bit comparator greater for signal <BUS_0008_INV_3454_o> created at line 0
    Found 56-bit comparator greater for signal <BUS_0009_INV_3453_o> created at line 0
    Found 55-bit comparator greater for signal <BUS_0010_INV_3452_o> created at line 0
    Found 54-bit comparator greater for signal <BUS_0011_INV_3451_o> created at line 0
    Found 53-bit comparator greater for signal <BUS_0012_INV_3450_o> created at line 0
    Found 52-bit comparator greater for signal <BUS_0013_INV_3449_o> created at line 0
    Found 51-bit comparator greater for signal <BUS_0014_INV_3448_o> created at line 0
    Found 50-bit comparator greater for signal <BUS_0015_INV_3447_o> created at line 0
    Found 49-bit comparator greater for signal <BUS_0016_INV_3446_o> created at line 0
    Found 48-bit comparator greater for signal <BUS_0017_INV_3445_o> created at line 0
    Found 47-bit comparator greater for signal <BUS_0018_INV_3444_o> created at line 0
    Found 46-bit comparator greater for signal <BUS_0019_INV_3443_o> created at line 0
    Found 45-bit comparator greater for signal <BUS_0020_INV_3442_o> created at line 0
    Found 44-bit comparator greater for signal <BUS_0021_INV_3441_o> created at line 0
    Found 43-bit comparator greater for signal <BUS_0022_INV_3440_o> created at line 0
    Found 42-bit comparator greater for signal <BUS_0023_INV_3439_o> created at line 0
    Found 41-bit comparator greater for signal <BUS_0024_INV_3438_o> created at line 0
    Found 40-bit comparator greater for signal <BUS_0025_INV_3437_o> created at line 0
    Found 39-bit comparator greater for signal <BUS_0026_INV_3436_o> created at line 0
    Found 38-bit comparator greater for signal <BUS_0027_INV_3435_o> created at line 0
    Found 37-bit comparator greater for signal <BUS_0028_INV_3434_o> created at line 0
    Found 36-bit comparator greater for signal <BUS_0029_INV_3433_o> created at line 0
    Found 35-bit comparator greater for signal <BUS_0030_INV_3432_o> created at line 0
    Found 34-bit comparator greater for signal <BUS_0031_INV_3431_o> created at line 0
    Found 33-bit comparator greater for signal <BUS_0032_INV_3430_o> created at line 0
    Found 32-bit comparator greater for signal <BUS_0033_INV_3429_o> created at line 0
    Summary:
	inferred  67 Adder/Subtractor(s).
	inferred  33 Comparator(s).
	inferred 996 Multiplexer(s).
Unit <div_32s_32s> synthesized.

Synthesizing Unit <mod_32u_32u>.
    Related source file is "".
    Found 64-bit adder for signal <n3436> created at line 0.
    Found 64-bit adder for signal <GND_21_o_b[31]_add_1_OUT> created at line 0.
    Found 63-bit adder for signal <n3440> created at line 0.
    Found 63-bit adder for signal <GND_21_o_b[31]_add_3_OUT> created at line 0.
    Found 62-bit adder for signal <n3444> created at line 0.
    Found 62-bit adder for signal <GND_21_o_b[31]_add_5_OUT> created at line 0.
    Found 61-bit adder for signal <n3448> created at line 0.
    Found 61-bit adder for signal <GND_21_o_b[31]_add_7_OUT> created at line 0.
    Found 60-bit adder for signal <n3452> created at line 0.
    Found 60-bit adder for signal <GND_21_o_b[31]_add_9_OUT> created at line 0.
    Found 59-bit adder for signal <n3456> created at line 0.
    Found 59-bit adder for signal <GND_21_o_b[31]_add_11_OUT> created at line 0.
    Found 58-bit adder for signal <n3460> created at line 0.
    Found 58-bit adder for signal <GND_21_o_b[31]_add_13_OUT> created at line 0.
    Found 57-bit adder for signal <n3464> created at line 0.
    Found 57-bit adder for signal <GND_21_o_b[31]_add_15_OUT> created at line 0.
    Found 56-bit adder for signal <n3468> created at line 0.
    Found 56-bit adder for signal <GND_21_o_b[31]_add_17_OUT> created at line 0.
    Found 55-bit adder for signal <n3472> created at line 0.
    Found 55-bit adder for signal <GND_21_o_b[31]_add_19_OUT> created at line 0.
    Found 54-bit adder for signal <n3476> created at line 0.
    Found 54-bit adder for signal <GND_21_o_b[31]_add_21_OUT> created at line 0.
    Found 53-bit adder for signal <n3480> created at line 0.
    Found 53-bit adder for signal <GND_21_o_b[31]_add_23_OUT> created at line 0.
    Found 52-bit adder for signal <n3484> created at line 0.
    Found 52-bit adder for signal <GND_21_o_b[31]_add_25_OUT> created at line 0.
    Found 51-bit adder for signal <n3488> created at line 0.
    Found 51-bit adder for signal <GND_21_o_b[31]_add_27_OUT> created at line 0.
    Found 50-bit adder for signal <n3492> created at line 0.
    Found 50-bit adder for signal <GND_21_o_b[31]_add_29_OUT> created at line 0.
    Found 49-bit adder for signal <n3496> created at line 0.
    Found 49-bit adder for signal <GND_21_o_b[31]_add_31_OUT> created at line 0.
    Found 48-bit adder for signal <n3500> created at line 0.
    Found 48-bit adder for signal <GND_21_o_b[31]_add_33_OUT> created at line 0.
    Found 47-bit adder for signal <n3504> created at line 0.
    Found 47-bit adder for signal <GND_21_o_b[31]_add_35_OUT> created at line 0.
    Found 46-bit adder for signal <n3508> created at line 0.
    Found 46-bit adder for signal <GND_21_o_b[31]_add_37_OUT> created at line 0.
    Found 45-bit adder for signal <n3512> created at line 0.
    Found 45-bit adder for signal <GND_21_o_b[31]_add_39_OUT> created at line 0.
    Found 44-bit adder for signal <n3516> created at line 0.
    Found 44-bit adder for signal <GND_21_o_b[31]_add_41_OUT> created at line 0.
    Found 43-bit adder for signal <n3520> created at line 0.
    Found 43-bit adder for signal <GND_21_o_b[31]_add_43_OUT> created at line 0.
    Found 42-bit adder for signal <n3524> created at line 0.
    Found 42-bit adder for signal <GND_21_o_b[31]_add_45_OUT> created at line 0.
    Found 41-bit adder for signal <n3528> created at line 0.
    Found 41-bit adder for signal <GND_21_o_b[31]_add_47_OUT> created at line 0.
    Found 40-bit adder for signal <n3532> created at line 0.
    Found 40-bit adder for signal <GND_21_o_b[31]_add_49_OUT> created at line 0.
    Found 39-bit adder for signal <n3536> created at line 0.
    Found 39-bit adder for signal <GND_21_o_b[31]_add_51_OUT> created at line 0.
    Found 38-bit adder for signal <n3540> created at line 0.
    Found 38-bit adder for signal <GND_21_o_b[31]_add_53_OUT> created at line 0.
    Found 37-bit adder for signal <n3544> created at line 0.
    Found 37-bit adder for signal <GND_21_o_b[31]_add_55_OUT> created at line 0.
    Found 36-bit adder for signal <n3548> created at line 0.
    Found 36-bit adder for signal <GND_21_o_b[31]_add_57_OUT> created at line 0.
    Found 35-bit adder for signal <n3552> created at line 0.
    Found 35-bit adder for signal <GND_21_o_b[31]_add_59_OUT> created at line 0.
    Found 34-bit adder for signal <n3556> created at line 0.
    Found 34-bit adder for signal <GND_21_o_b[31]_add_61_OUT> created at line 0.
    Found 33-bit adder for signal <n3560> created at line 0.
    Found 33-bit adder for signal <GND_21_o_b[31]_add_63_OUT> created at line 0.
    Found 32-bit adder for signal <n3564> created at line 0.
    Found 32-bit adder for signal <a[31]_b[31]_add_65_OUT[31:0]> created at line 0.
    Found 64-bit comparator lessequal for signal <BUS_0001> created at line 0
    Found 63-bit comparator lessequal for signal <BUS_0002> created at line 0
    Found 62-bit comparator lessequal for signal <BUS_0003> created at line 0
    Found 61-bit comparator lessequal for signal <BUS_0004> created at line 0
    Found 60-bit comparator lessequal for signal <BUS_0005> created at line 0
    Found 59-bit comparator lessequal for signal <BUS_0006> created at line 0
    Found 58-bit comparator lessequal for signal <BUS_0007> created at line 0
    Found 57-bit comparator lessequal for signal <BUS_0008> created at line 0
    Found 56-bit comparator lessequal for signal <BUS_0009> created at line 0
    Found 55-bit comparator lessequal for signal <BUS_0010> created at line 0
    Found 54-bit comparator lessequal for signal <BUS_0011> created at line 0
    Found 53-bit comparator lessequal for signal <BUS_0012> created at line 0
    Found 52-bit comparator lessequal for signal <BUS_0013> created at line 0
    Found 51-bit comparator lessequal for signal <BUS_0014> created at line 0
    Found 50-bit comparator lessequal for signal <BUS_0015> created at line 0
    Found 49-bit comparator lessequal for signal <BUS_0016> created at line 0
    Found 48-bit comparator lessequal for signal <BUS_0017> created at line 0
    Found 47-bit comparator lessequal for signal <BUS_0018> created at line 0
    Found 46-bit comparator lessequal for signal <BUS_0019> created at line 0
    Found 45-bit comparator lessequal for signal <BUS_0020> created at line 0
    Found 44-bit comparator lessequal for signal <BUS_0021> created at line 0
    Found 43-bit comparator lessequal for signal <BUS_0022> created at line 0
    Found 42-bit comparator lessequal for signal <BUS_0023> created at line 0
    Found 41-bit comparator lessequal for signal <BUS_0024> created at line 0
    Found 40-bit comparator lessequal for signal <BUS_0025> created at line 0
    Found 39-bit comparator lessequal for signal <BUS_0026> created at line 0
    Found 38-bit comparator lessequal for signal <BUS_0027> created at line 0
    Found 37-bit comparator lessequal for signal <BUS_0028> created at line 0
    Found 36-bit comparator lessequal for signal <BUS_0029> created at line 0
    Found 35-bit comparator lessequal for signal <BUS_0030> created at line 0
    Found 34-bit comparator lessequal for signal <BUS_0031> created at line 0
    Found 33-bit comparator lessequal for signal <BUS_0032> created at line 0
    Found 32-bit comparator lessequal for signal <BUS_0033> created at line 0
    Summary:
	inferred  66 Adder/Subtractor(s).
	inferred  33 Comparator(s).
	inferred 994 Multiplexer(s).
Unit <mod_32u_32u> synthesized.

Synthesizing Unit <div_32u_32u>.
    Related source file is "".
    Found 64-bit adder for signal <n3436> created at line 0.
    Found 64-bit adder for signal <GND_22_o_b[31]_add_1_OUT> created at line 0.
    Found 63-bit adder for signal <n3440> created at line 0.
    Found 63-bit adder for signal <GND_22_o_b[31]_add_3_OUT> created at line 0.
    Found 62-bit adder for signal <n3444> created at line 0.
    Found 62-bit adder for signal <GND_22_o_b[31]_add_5_OUT> created at line 0.
    Found 61-bit adder for signal <n3448> created at line 0.
    Found 61-bit adder for signal <GND_22_o_b[31]_add_7_OUT> created at line 0.
    Found 60-bit adder for signal <n3452> created at line 0.
    Found 60-bit adder for signal <GND_22_o_b[31]_add_9_OUT> created at line 0.
    Found 59-bit adder for signal <n3456> created at line 0.
    Found 59-bit adder for signal <GND_22_o_b[31]_add_11_OUT> created at line 0.
    Found 58-bit adder for signal <n3460> created at line 0.
    Found 58-bit adder for signal <GND_22_o_b[31]_add_13_OUT> created at line 0.
    Found 57-bit adder for signal <n3464> created at line 0.
    Found 57-bit adder for signal <GND_22_o_b[31]_add_15_OUT> created at line 0.
    Found 56-bit adder for signal <n3468> created at line 0.
    Found 56-bit adder for signal <GND_22_o_b[31]_add_17_OUT> created at line 0.
    Found 55-bit adder for signal <n3472> created at line 0.
    Found 55-bit adder for signal <GND_22_o_b[31]_add_19_OUT> created at line 0.
    Found 54-bit adder for signal <n3476> created at line 0.
    Found 54-bit adder for signal <GND_22_o_b[31]_add_21_OUT> created at line 0.
    Found 53-bit adder for signal <n3480> created at line 0.
    Found 53-bit adder for signal <GND_22_o_b[31]_add_23_OUT> created at line 0.
    Found 52-bit adder for signal <n3484> created at line 0.
    Found 52-bit adder for signal <GND_22_o_b[31]_add_25_OUT> created at line 0.
    Found 51-bit adder for signal <n3488> created at line 0.
    Found 51-bit adder for signal <GND_22_o_b[31]_add_27_OUT> created at line 0.
    Found 50-bit adder for signal <n3492> created at line 0.
    Found 50-bit adder for signal <GND_22_o_b[31]_add_29_OUT> created at line 0.
    Found 49-bit adder for signal <n3496> created at line 0.
    Found 49-bit adder for signal <GND_22_o_b[31]_add_31_OUT> created at line 0.
    Found 48-bit adder for signal <n3500> created at line 0.
    Found 48-bit adder for signal <GND_22_o_b[31]_add_33_OUT> created at line 0.
    Found 47-bit adder for signal <n3504> created at line 0.
    Found 47-bit adder for signal <GND_22_o_b[31]_add_35_OUT> created at line 0.
    Found 46-bit adder for signal <n3508> created at line 0.
    Found 46-bit adder for signal <GND_22_o_b[31]_add_37_OUT> created at line 0.
    Found 45-bit adder for signal <n3512> created at line 0.
    Found 45-bit adder for signal <GND_22_o_b[31]_add_39_OUT> created at line 0.
    Found 44-bit adder for signal <n3516> created at line 0.
    Found 44-bit adder for signal <GND_22_o_b[31]_add_41_OUT> created at line 0.
    Found 43-bit adder for signal <n3520> created at line 0.
    Found 43-bit adder for signal <GND_22_o_b[31]_add_43_OUT> created at line 0.
    Found 42-bit adder for signal <n3524> created at line 0.
    Found 42-bit adder for signal <GND_22_o_b[31]_add_45_OUT> created at line 0.
    Found 41-bit adder for signal <n3528> created at line 0.
    Found 41-bit adder for signal <GND_22_o_b[31]_add_47_OUT> created at line 0.
    Found 40-bit adder for signal <n3532> created at line 0.
    Found 40-bit adder for signal <GND_22_o_b[31]_add_49_OUT> created at line 0.
    Found 39-bit adder for signal <n3536> created at line 0.
    Found 39-bit adder for signal <GND_22_o_b[31]_add_51_OUT> created at line 0.
    Found 38-bit adder for signal <n3540> created at line 0.
    Found 38-bit adder for signal <GND_22_o_b[31]_add_53_OUT> created at line 0.
    Found 37-bit adder for signal <n3544> created at line 0.
    Found 37-bit adder for signal <GND_22_o_b[31]_add_55_OUT> created at line 0.
    Found 36-bit adder for signal <n3548> created at line 0.
    Found 36-bit adder for signal <GND_22_o_b[31]_add_57_OUT> created at line 0.
    Found 35-bit adder for signal <n3552> created at line 0.
    Found 35-bit adder for signal <GND_22_o_b[31]_add_59_OUT> created at line 0.
    Found 34-bit adder for signal <n3556> created at line 0.
    Found 34-bit adder for signal <GND_22_o_b[31]_add_61_OUT> created at line 0.
    Found 33-bit adder for signal <n3560> created at line 0.
    Found 33-bit adder for signal <GND_22_o_b[31]_add_63_OUT> created at line 0.
    Found 64-bit comparator lessequal for signal <BUS_0001> created at line 0
    Found 63-bit comparator lessequal for signal <BUS_0002> created at line 0
    Found 62-bit comparator lessequal for signal <BUS_0003> created at line 0
    Found 61-bit comparator lessequal for signal <BUS_0004> created at line 0
    Found 60-bit comparator lessequal for signal <BUS_0005> created at line 0
    Found 59-bit comparator lessequal for signal <BUS_0006> created at line 0
    Found 58-bit comparator lessequal for signal <BUS_0007> created at line 0
    Found 57-bit comparator lessequal for signal <BUS_0008> created at line 0
    Found 56-bit comparator lessequal for signal <BUS_0009> created at line 0
    Found 55-bit comparator lessequal for signal <BUS_0010> created at line 0
    Found 54-bit comparator lessequal for signal <BUS_0011> created at line 0
    Found 53-bit comparator lessequal for signal <BUS_0012> created at line 0
    Found 52-bit comparator lessequal for signal <BUS_0013> created at line 0
    Found 51-bit comparator lessequal for signal <BUS_0014> created at line 0
    Found 50-bit comparator lessequal for signal <BUS_0015> created at line 0
    Found 49-bit comparator lessequal for signal <BUS_0016> created at line 0
    Found 48-bit comparator lessequal for signal <BUS_0017> created at line 0
    Found 47-bit comparator lessequal for signal <BUS_0018> created at line 0
    Found 46-bit comparator lessequal for signal <BUS_0019> created at line 0
    Found 45-bit comparator lessequal for signal <BUS_0020> created at line 0
    Found 44-bit comparator lessequal for signal <BUS_0021> created at line 0
    Found 43-bit comparator lessequal for signal <BUS_0022> created at line 0
    Found 42-bit comparator lessequal for signal <BUS_0023> created at line 0
    Found 41-bit comparator lessequal for signal <BUS_0024> created at line 0
    Found 40-bit comparator lessequal for signal <BUS_0025> created at line 0
    Found 39-bit comparator lessequal for signal <BUS_0026> created at line 0
    Found 38-bit comparator lessequal for signal <BUS_0027> created at line 0
    Found 37-bit comparator lessequal for signal <BUS_0028> created at line 0
    Found 36-bit comparator lessequal for signal <BUS_0029> created at line 0
    Found 35-bit comparator lessequal for signal <BUS_0030> created at line 0
    Found 34-bit comparator lessequal for signal <BUS_0031> created at line 0
    Found 33-bit comparator lessequal for signal <BUS_0032> created at line 0
    Found 32-bit comparator lessequal for signal <BUS_0033> created at line 0
    Summary:
	inferred  64 Adder/Subtractor(s).
	inferred  33 Comparator(s).
	inferred 993 Multiplexer(s).
Unit <div_32u_32u> synthesized.

Synthesizing Unit <M>.
    Related source file is "D:\CO\CO_P7\M.v".
    Found 32-bit register for signal <Instr>.
    Found 32-bit register for signal <pc>.
    Found 32-bit register for signal <pc4>.
    Found 32-bit register for signal <RD2>.
    Found 32-bit register for signal <outC>.
    Found 32-bit register for signal <MDout>.
    Found 4-bit register for signal <Tnew>.
    Found 1-bit register for signal <isdb>.
    Found 4-bit subtractor for signal <GND_23_o_GND_23_o_sub_4_OUT<3:0>> created at line 72.
    Summary:
	inferred   1 Adder/Subtractor(s).
	inferred 197 D-type flip-flop(s).
	inferred   1 Multiplexer(s).
Unit <M> synthesized.

Synthesizing Unit <BE>.
    Related source file is "D:\CO\CO_P7\BE.v".
WARNING:Xst:647 - Input <MemAddr<31:2>> is never used. This port will be preserved and left unconnected if it belongs to a top-level block or it belongs to a sub-block and the hierarchy of this sub-block is preserved.
    Found 4-bit 4-to-1 multiplexer for signal <PWR_30_o_GND_24_o_mux_20_OUT> created at line 56.
    Found 32-bit 4-to-1 multiplexer for signal <MemData[7]_GND_24_o_mux_21_OUT> created at line 56.
    Found 4-bit 4-to-1 multiplexer for signal <ByteWrite> created at line 29.
    Found 32-bit 4-to-1 multiplexer for signal <StoreData> created at line 28.
    Summary:
	inferred   6 Multiplexer(s).
Unit <BE> synthesized.

Synthesizing Unit <DP>.
    Related source file is "D:\CO\CO_P7\DP.v".
WARNING:Xst:647 - Input <MemAddr<31:2>> is never used. This port will be preserved and left unconnected if it belongs to a top-level block or it belongs to a sub-block and the hierarchy of this sub-block is preserved.
    Found 32-bit 4-to-1 multiplexer for signal <GND_25_o_ReadData[7]_mux_13_OUT> created at line 45.
    Found 32-bit 4-to-1 multiplexer for signal <_n0046> created at line 26.
    Summary:
	inferred   3 Multiplexer(s).
Unit <DP> synthesized.

Synthesizing Unit <Encoder>.
    Related source file is "D:\CO\CO_P7\Encoder.v".
    Found 32-bit comparator lessequal for signal <n0094> created at line 93
    Found 32-bit comparator lessequal for signal <n0096> created at line 93
    Found 32-bit comparator lessequal for signal <n0099> created at line 93
    Found 32-bit comparator lessequal for signal <n0101> created at line 93
    Found 32-bit comparator lessequal for signal <n0105> created at line 95
    Found 32-bit comparator lessequal for signal <n0108> created at line 95
    Found 32-bit comparator lessequal for signal <n0110> created at line 95
    Summary:
	inferred   7 Comparator(s).
	inferred  14 Multiplexer(s).
Unit <Encoder> synthesized.

Synthesizing Unit <CP0>.
    Related source file is "D:\CO\CO_P7\CP0.v".
    Found 1-bit register for signal <SR<30>>.
    Found 1-bit register for signal <SR<29>>.
    Found 1-bit register for signal <SR<28>>.
    Found 1-bit register for signal <SR<27>>.
    Found 1-bit register for signal <SR<26>>.
    Found 1-bit register for signal <SR<25>>.
    Found 1-bit register for signal <SR<24>>.
    Found 1-bit register for signal <SR<23>>.
    Found 1-bit register for signal <SR<22>>.
    Found 1-bit register for signal <SR<21>>.
    Found 1-bit register for signal <SR<20>>.
    Found 1-bit register for signal <SR<19>>.
    Found 1-bit register for signal <SR<18>>.
    Found 1-bit register for signal <SR<17>>.
    Found 1-bit register for signal <SR<16>>.
    Found 1-bit register for signal <SR<15>>.
    Found 1-bit register for signal <SR<14>>.
    Found 1-bit register for signal <SR<13>>.
    Found 1-bit register for signal <SR<12>>.
    Found 1-bit register for signal <SR<11>>.
    Found 1-bit register for signal <SR<10>>.
    Found 1-bit register for signal <SR<9>>.
    Found 1-bit register for signal <SR<8>>.
    Found 1-bit register for signal <SR<7>>.
    Found 1-bit register for signal <SR<6>>.
    Found 1-bit register for signal <SR<5>>.
    Found 1-bit register for signal <SR<4>>.
    Found 1-bit register for signal <SR<3>>.
    Found 1-bit register for signal <SR<2>>.
    Found 1-bit register for signal <SR<1>>.
    Found 1-bit register for signal <SR<0>>.
    Found 1-bit register for signal <Cause<31>>.
    Found 1-bit register for signal <Cause<30>>.
    Found 1-bit register for signal <Cause<29>>.
    Found 1-bit register for signal <Cause<28>>.
    Found 1-bit register for signal <Cause<27>>.
    Found 1-bit register for signal <Cause<26>>.
    Found 1-bit register for signal <Cause<25>>.
    Found 1-bit register for signal <Cause<24>>.
    Found 1-bit register for signal <Cause<23>>.
    Found 1-bit register for signal <Cause<22>>.
    Found 1-bit register for signal <Cause<21>>.
    Found 1-bit register for signal <Cause<20>>.
    Found 1-bit register for signal <Cause<19>>.
    Found 1-bit register for signal <Cause<18>>.
    Found 1-bit register for signal <Cause<17>>.
    Found 1-bit register for signal <Cause<16>>.
    Found 1-bit register for signal <Cause<15>>.
    Found 1-bit register for signal <Cause<14>>.
    Found 1-bit register for signal <Cause<13>>.
    Found 1-bit register for signal <Cause<12>>.
    Found 1-bit register for signal <Cause<11>>.
    Found 1-bit register for signal <Cause<10>>.
    Found 1-bit register for signal <Cause<9>>.
    Found 1-bit register for signal <Cause<8>>.
    Found 1-bit register for signal <Cause<7>>.
    Found 1-bit register for signal <Cause<6>>.
    Found 1-bit register for signal <Cause<5>>.
    Found 1-bit register for signal <Cause<4>>.
    Found 1-bit register for signal <Cause<3>>.
    Found 1-bit register for signal <Cause<2>>.
    Found 1-bit register for signal <Cause<1>>.
    Found 1-bit register for signal <Cause<0>>.
    Found 32-bit register for signal <EPC>.
    Found 1-bit register for signal <SR<31>>.
    Found 32-bit subtractor for signal <VPC[31]_GND_27_o_sub_18_OUT> created at line 89.
    Summary:
	inferred   1 Adder/Subtractor(s).
	inferred  96 D-type flip-flop(s).
	inferred   6 Multiplexer(s).
Unit <CP0> synthesized.

Synthesizing Unit <W>.
    Related source file is "D:\CO\CO_P7\W.v".
    Found 32-bit register for signal <pc>.
    Found 32-bit register for signal <pc4>.
    Found 32-bit register for signal <outC>.
    Found 32-bit register for signal <LoadData>.
    Found 32-bit register for signal <MDout>.
    Found 4-bit register for signal <Tnew>.
    Found 32-bit register for signal <CPOut>.
    Found 32-bit register for signal <Instr>.
    Found 4-bit subtractor for signal <GND_28_o_GND_28_o_sub_4_OUT<3:0>> created at line 72.
    Summary:
	inferred   1 Adder/Subtractor(s).
	inferred 228 D-type flip-flop(s).
Unit <W> synthesized.

Synthesizing Unit <Bridge>.
    Related source file is "D:\CO\CO_P7\Bridge.v".
    Found 32-bit comparator lessequal for signal <n0000> created at line 34
    Found 32-bit comparator lessequal for signal <n0003> created at line 36
    Found 32-bit comparator lessequal for signal <n0005> created at line 36
    Found 32-bit comparator lessequal for signal <n0010> created at line 38
    Found 32-bit comparator lessequal for signal <n0012> created at line 38
    Summary:
	inferred   5 Comparator(s).
	inferred   4 Multiplexer(s).
Unit <Bridge> synthesized.

=========================================================================
HDL Synthesis Report

Macro Statistics
# Multipliers                                          : 2
 32x32-bit multiplier                                  : 2
# Adders/Subtractors                                   : 279
 32-bit adder                                          : 8
 32-bit addsub                                         : 1
 32-bit subtractor                                     : 8
 33-bit adder                                          : 10
 33-bit subtractor                                     : 1
 34-bit adder                                          : 8
 35-bit adder                                          : 8
 36-bit adder                                          : 8
 37-bit adder                                          : 8
 38-bit adder                                          : 8
 39-bit adder                                          : 8
 4-bit subtractor                                      : 3
 40-bit adder                                          : 8
 41-bit adder                                          : 8
 42-bit adder                                          : 8
 43-bit adder                                          : 8
 44-bit adder                                          : 8
 45-bit adder                                          : 8
 46-bit adder                                          : 8
 47-bit adder                                          : 8
 48-bit adder                                          : 8
 49-bit adder                                          : 8
 50-bit adder                                          : 8
 51-bit adder                                          : 8
 52-bit adder                                          : 8
 53-bit adder                                          : 8
 54-bit adder                                          : 8
 55-bit adder                                          : 8
 56-bit adder                                          : 8
 57-bit adder                                          : 8
 58-bit adder                                          : 8
 59-bit adder                                          : 8
 60-bit adder                                          : 8
 61-bit adder                                          : 8
 62-bit adder                                          : 8
 63-bit adder                                          : 8
 64-bit adder                                          : 8
# Registers                                            : 165
 1-bit register                                        : 128
 1024-bit register                                     : 1
 32-bit register                                       : 31
 4-bit register                                        : 3
 5-bit register                                        : 1
 6-bit register                                        : 1
# Comparators                                          : 173
 1-bit comparator not equal                            : 2
 32-bit comparator equal                               : 1
 32-bit comparator greater                             : 8
 32-bit comparator lessequal                           : 15
 33-bit comparator greater                             : 1
 33-bit comparator lessequal                           : 3
 34-bit comparator greater                             : 1
 34-bit comparator lessequal                           : 3
 35-bit comparator greater                             : 1
 35-bit comparator lessequal                           : 3
 36-bit comparator greater                             : 1
 36-bit comparator lessequal                           : 3
 37-bit comparator greater                             : 1
 37-bit comparator lessequal                           : 3
 38-bit comparator greater                             : 1
 38-bit comparator lessequal                           : 3
 39-bit comparator greater                             : 1
 39-bit comparator lessequal                           : 3
 4-bit comparator greater                              : 6
 40-bit comparator greater                             : 1
 40-bit comparator lessequal                           : 3
 41-bit comparator greater                             : 1
 41-bit comparator lessequal                           : 3
 42-bit comparator greater                             : 1
 42-bit comparator lessequal                           : 3
 43-bit comparator greater                             : 1
 43-bit comparator lessequal                           : 3
 44-bit comparator greater                             : 1
 44-bit comparator lessequal                           : 3
 45-bit comparator greater                             : 1
 45-bit comparator lessequal                           : 3
 46-bit comparator greater                             : 1
 46-bit comparator lessequal                           : 3
 47-bit comparator greater                             : 1
 47-bit comparator lessequal                           : 3
 48-bit comparator greater                             : 1
 48-bit comparator lessequal                           : 3
 49-bit comparator greater                             : 1
 49-bit comparator lessequal                           : 3
 5-bit comparator equal                                : 13
 50-bit comparator greater                             : 1
 50-bit comparator lessequal                           : 3
 51-bit comparator greater                             : 1
 51-bit comparator lessequal                           : 3
 52-bit comparator greater                             : 1
 52-bit comparator lessequal                           : 3
 53-bit comparator greater                             : 1
 53-bit comparator lessequal                           : 3
 54-bit comparator greater                             : 1
 54-bit comparator lessequal                           : 3
 55-bit comparator greater                             : 1
 55-bit comparator lessequal                           : 3
 56-bit comparator greater                             : 1
 56-bit comparator lessequal                           : 3
 57-bit comparator greater                             : 1
 57-bit comparator lessequal                           : 3
 58-bit comparator greater                             : 1
 58-bit comparator lessequal                           : 3
 59-bit comparator greater                             : 1
 59-bit comparator lessequal                           : 3
 60-bit comparator greater                             : 1
 60-bit comparator lessequal                           : 3
 61-bit comparator greater                             : 1
 61-bit comparator lessequal                           : 3
 62-bit comparator greater                             : 1
 62-bit comparator lessequal                           : 3
 63-bit comparator greater                             : 1
 63-bit comparator lessequal                           : 3
 64-bit comparator greater                             : 1
 64-bit comparator lessequal                           : 3
# Multiplexers                                         : 4525
 1-bit 2-to-1 multiplexer                              : 4285
 2-bit 2-to-1 multiplexer                              : 20
 3-bit 2-to-1 multiplexer                              : 56
 32-bit 2-to-1 multiplexer                             : 79
 32-bit 3-to-1 multiplexer                             : 2
 32-bit 32-to-1 multiplexer                            : 2
 32-bit 4-to-1 multiplexer                             : 10
 32-bit 6-to-1 multiplexer                             : 2
 32-bit 7-to-1 multiplexer                             : 2
 33-bit 2-to-1 multiplexer                             : 1
 4-bit 2-to-1 multiplexer                              : 27
 4-bit 4-to-1 multiplexer                              : 2
 5-bit 2-to-1 multiplexer                              : 34
 5-bit 4-to-1 multiplexer                              : 3
# FSMs                                                 : 2
# Xors                                                 : 1
 1-bit xor2                                            : 1

=========================================================================
INFO:Xst:1767 - HDL ADVISOR - Resource sharing has identified that some arithmetic operations in this design can share the same physical resources for reduced device utilization. For improved clock frequency you may try to disable resource sharing.

=========================================================================
*                       Advanced HDL Synthesis                          *
=========================================================================

WARNING:Xst:1710 - FF/Latch <isdb> (without init value) has a constant value of 0 in block <myM>. This FF/Latch will be trimmed during the optimization process.
WARNING:Xst:1710 - FF/Latch <isdb> (without init value) has a constant value of 0 in block <myE>. This FF/Latch will be trimmed during the optimization process.
WARNING:Xst:1710 - FF/Latch <isdb> (without init value) has a constant value of 0 in block <myD>. This FF/Latch will be trimmed during the optimization process.
WARNING:Xst:1710 - FF/Latch <Cause_31> (without init value) has a constant value of 0 in block <myCP0>. This FF/Latch will be trimmed during the optimization process.
WARNING:Xst:1710 - FF/Latch <Cause_0> (without init value) has a constant value of 0 in block <myCP0>. This FF/Latch will be trimmed during the optimization process.
WARNING:Xst:1710 - FF/Latch <Cause_1> (without init value) has a constant value of 0 in block <myCP0>. This FF/Latch will be trimmed during the optimization process.
WARNING:Xst:1710 - FF/Latch <Cause_7> (without init value) has a constant value of 0 in block <myCP0>. This FF/Latch will be trimmed during the optimization process.
WARNING:Xst:1710 - FF/Latch <Cause_8> (without init value) has a constant value of 0 in block <myCP0>. This FF/Latch will be trimmed during the optimization process.
WARNING:Xst:1710 - FF/Latch <Cause_9> (without init value) has a constant value of 0 in block <myCP0>. This FF/Latch will be trimmed during the optimization process.
WARNING:Xst:1710 - FF/Latch <Cause_13> (without init value) has a constant value of 0 in block <myCP0>. This FF/Latch will be trimmed during the optimization process.
WARNING:Xst:1710 - FF/Latch <Cause_14> (without init value) has a constant value of 0 in block <myCP0>. This FF/Latch will be trimmed during the optimization process.
WARNING:Xst:1710 - FF/Latch <Cause_15> (without init value) has a constant value of 0 in block <myCP0>. This FF/Latch will be trimmed during the optimization process.
WARNING:Xst:1710 - FF/Latch <Cause_16> (without init value) has a constant value of 0 in block <myCP0>. This FF/Latch will be trimmed during the optimization process.
WARNING:Xst:1710 - FF/Latch <Cause_17> (without init value) has a constant value of 0 in block <myCP0>. This FF/Latch will be trimmed during the optimization process.
WARNING:Xst:1710 - FF/Latch <Cause_18> (without init value) has a constant value of 0 in block <myCP0>. This FF/Latch will be trimmed during the optimization process.
WARNING:Xst:1710 - FF/Latch <Cause_19> (without init value) has a constant value of 0 in block <myCP0>. This FF/Latch will be trimmed during the optimization process.
WARNING:Xst:1710 - FF/Latch <Cause_20> (without init value) has a constant value of 0 in block <myCP0>. This FF/Latch will be trimmed during the optimization process.
WARNING:Xst:1710 - FF/Latch <Cause_21> (without init value) has a constant value of 0 in block <myCP0>. This FF/Latch will be trimmed during the optimization process.
WARNING:Xst:1710 - FF/Latch <Cause_22> (without init value) has a constant value of 0 in block <myCP0>. This FF/Latch will be trimmed during the optimization process.
WARNING:Xst:1710 - FF/Latch <Cause_23> (without init value) has a constant value of 0 in block <myCP0>. This FF/Latch will be trimmed during the optimization process.
WARNING:Xst:1710 - FF/Latch <Cause_24> (without init value) has a constant value of 0 in block <myCP0>. This FF/Latch will be trimmed during the optimization process.
WARNING:Xst:1710 - FF/Latch <Cause_25> (without init value) has a constant value of 0 in block <myCP0>. This FF/Latch will be trimmed during the optimization process.
WARNING:Xst:1710 - FF/Latch <Cause_26> (without init value) has a constant value of 0 in block <myCP0>. This FF/Latch will be trimmed during the optimization process.
WARNING:Xst:1710 - FF/Latch <Cause_27> (without init value) has a constant value of 0 in block <myCP0>. This FF/Latch will be trimmed during the optimization process.
WARNING:Xst:1710 - FF/Latch <Cause_28> (without init value) has a constant value of 0 in block <myCP0>. This FF/Latch will be trimmed during the optimization process.
WARNING:Xst:1710 - FF/Latch <Cause_29> (without init value) has a constant value of 0 in block <myCP0>. This FF/Latch will be trimmed during the optimization process.
WARNING:Xst:1710 - FF/Latch <Cause_30> (without init value) has a constant value of 0 in block <myCP0>. This FF/Latch will be trimmed during the optimization process.

=========================================================================
Advanced HDL Synthesis Report

Macro Statistics
# Multipliers                                          : 2
 32x32-bit multiplier                                  : 2
# Adders/Subtractors                                   : 149
 32-bit adder                                          : 4
 32-bit adder carry in                                 : 130
 32-bit addsub                                         : 1
 32-bit subtractor                                     : 8
 33-bit adder                                          : 2
 33-bit subtractor                                     : 1
 4-bit subtractor                                      : 3
# Registers                                            : 2167
 Flip-Flops                                            : 2167
# Comparators                                          : 173
 1-bit comparator not equal                            : 2
 32-bit comparator equal                               : 1
 32-bit comparator greater                             : 8
 32-bit comparator lessequal                           : 15
 33-bit comparator greater                             : 1
 33-bit comparator lessequal                           : 3
 34-bit comparator greater                             : 1
 34-bit comparator lessequal                           : 3
 35-bit comparator greater                             : 1
 35-bit comparator lessequal                           : 3
 36-bit comparator greater                             : 1
 36-bit comparator lessequal                           : 3
 37-bit comparator greater                             : 1
 37-bit comparator lessequal                           : 3
 38-bit comparator greater                             : 1
 38-bit comparator lessequal                           : 3
 39-bit comparator greater                             : 1
 39-bit comparator lessequal                           : 3
 4-bit comparator greater                              : 6
 40-bit comparator greater                             : 1
 40-bit comparator lessequal                           : 3
 41-bit comparator greater                             : 1
 41-bit comparator lessequal                           : 3
 42-bit comparator greater                             : 1
 42-bit comparator lessequal                           : 3
 43-bit comparator greater                             : 1
 43-bit comparator lessequal                           : 3
 44-bit comparator greater                             : 1
 44-bit comparator lessequal                           : 3
 45-bit comparator greater                             : 1
 45-bit comparator lessequal                           : 3
 46-bit comparator greater                             : 1
 46-bit comparator lessequal                           : 3
 47-bit comparator greater                             : 1
 47-bit comparator lessequal                           : 3
 48-bit comparator greater                             : 1
 48-bit comparator lessequal                           : 3
 49-bit comparator greater                             : 1
 49-bit comparator lessequal                           : 3
 5-bit comparator equal                                : 13
 50-bit comparator greater                             : 1
 50-bit comparator lessequal                           : 3
 51-bit comparator greater                             : 1
 51-bit comparator lessequal                           : 3
 52-bit comparator greater                             : 1
 52-bit comparator lessequal                           : 3
 53-bit comparator greater                             : 1
 53-bit comparator lessequal                           : 3
 54-bit comparator greater                             : 1
 54-bit comparator lessequal                           : 3
 55-bit comparator greater                             : 1
 55-bit comparator lessequal                           : 3
 56-bit comparator greater                             : 1
 56-bit comparator lessequal                           : 3
 57-bit comparator greater                             : 1
 57-bit comparator lessequal                           : 3
 58-bit comparator greater                             : 1
 58-bit comparator lessequal                           : 3
 59-bit comparator greater                             : 1
 59-bit comparator lessequal                           : 3
 60-bit comparator greater                             : 1
 60-bit comparator lessequal                           : 3
 61-bit comparator greater                             : 1
 61-bit comparator lessequal                           : 3
 62-bit comparator greater                             : 1
 62-bit comparator lessequal                           : 3
 63-bit comparator greater                             : 1
 63-bit comparator lessequal                           : 3
 64-bit comparator greater                             : 1
 64-bit comparator lessequal                           : 3
# Multiplexers                                         : 4648
 1-bit 2-to-1 multiplexer                              : 4348
 1-bit 3-to-1 multiplexer                              : 64
 2-bit 2-to-1 multiplexer                              : 20
 3-bit 2-to-1 multiplexer                              : 56
 32-bit 2-to-1 multiplexer                             : 77
 32-bit 32-to-1 multiplexer                            : 2
 32-bit 4-to-1 multiplexer                             : 10
 32-bit 6-to-1 multiplexer                             : 2
 32-bit 7-to-1 multiplexer                             : 2
 33-bit 2-to-1 multiplexer                             : 1
 4-bit 2-to-1 multiplexer                              : 27
 4-bit 4-to-1 multiplexer                              : 2
 5-bit 2-to-1 multiplexer                              : 34
 5-bit 4-to-1 multiplexer                              : 3
# FSMs                                                 : 2
# Xors                                                 : 1
 1-bit xor2                                            : 1

=========================================================================

=========================================================================
*                         Low Level Synthesis                           *
=========================================================================
WARNING:Xst:1710 - FF/Latch <Cause_0> (without init value) has a constant value of 0 in block <CP0>. This FF/Latch will be trimmed during the optimization process.
WARNING:Xst:1895 - Due to other FF/Latch trimming, FF/Latch <Cause_1> (without init value) has a constant value of 0 in block <CP0>. This FF/Latch will be trimmed during the optimization process.
WARNING:Xst:1895 - Due to other FF/Latch trimming, FF/Latch <Cause_7> (without init value) has a constant value of 0 in block <CP0>. This FF/Latch will be trimmed during the optimization process.
WARNING:Xst:1895 - Due to other FF/Latch trimming, FF/Latch <Cause_8> (without init value) has a constant value of 0 in block <CP0>. This FF/Latch will be trimmed during the optimization process.
WARNING:Xst:1895 - Due to other FF/Latch trimming, FF/Latch <Cause_9> (without init value) has a constant value of 0 in block <CP0>. This FF/Latch will be trimmed during the optimization process.
WARNING:Xst:1895 - Due to other FF/Latch trimming, FF/Latch <Cause_16> (without init value) has a constant value of 0 in block <CP0>. This FF/Latch will be trimmed during the optimization process.
WARNING:Xst:1895 - Due to other FF/Latch trimming, FF/Latch <Cause_17> (without init value) has a constant value of 0 in block <CP0>. This FF/Latch will be trimmed during the optimization process.
WARNING:Xst:1895 - Due to other FF/Latch trimming, FF/Latch <Cause_18> (without init value) has a constant value of 0 in block <CP0>. This FF/Latch will be trimmed during the optimization process.
WARNING:Xst:1895 - Due to other FF/Latch trimming, FF/Latch <Cause_19> (without init value) has a constant value of 0 in block <CP0>. This FF/Latch will be trimmed during the optimization process.
WARNING:Xst:1895 - Due to other FF/Latch trimming, FF/Latch <Cause_20> (without init value) has a constant value of 0 in block <CP0>. This FF/Latch will be trimmed during the optimization process.
WARNING:Xst:1895 - Due to other FF/Latch trimming, FF/Latch <Cause_21> (without init value) has a constant value of 0 in block <CP0>. This FF/Latch will be trimmed during the optimization process.
WARNING:Xst:1895 - Due to other FF/Latch trimming, FF/Latch <Cause_22> (without init value) has a constant value of 0 in block <CP0>. This FF/Latch will be trimmed during the optimization process.
WARNING:Xst:1895 - Due to other FF/Latch trimming, FF/Latch <Cause_23> (without init value) has a constant value of 0 in block <CP0>. This FF/Latch will be trimmed during the optimization process.
WARNING:Xst:1895 - Due to other FF/Latch trimming, FF/Latch <Cause_24> (without init value) has a constant value of 0 in block <CP0>. This FF/Latch will be trimmed during the optimization process.
WARNING:Xst:1895 - Due to other FF/Latch trimming, FF/Latch <Cause_25> (without init value) has a constant value of 0 in block <CP0>. This FF/Latch will be trimmed during the optimization process.
WARNING:Xst:1895 - Due to other FF/Latch trimming, FF/Latch <Cause_26> (without init value) has a constant value of 0 in block <CP0>. This FF/Latch will be trimmed during the optimization process.
WARNING:Xst:1895 - Due to other FF/Latch trimming, FF/Latch <Cause_27> (without init value) has a constant value of 0 in block <CP0>. This FF/Latch will be trimmed during the optimization process.
WARNING:Xst:1895 - Due to other FF/Latch trimming, FF/Latch <Cause_28> (without init value) has a constant value of 0 in block <CP0>. This FF/Latch will be trimmed during the optimization process.
WARNING:Xst:1895 - Due to other FF/Latch trimming, FF/Latch <Cause_29> (without init value) has a constant value of 0 in block <CP0>. This FF/Latch will be trimmed during the optimization process.
WARNING:Xst:1895 - Due to other FF/Latch trimming, FF/Latch <Cause_30> (without init value) has a constant value of 0 in block <CP0>. This FF/Latch will be trimmed during the optimization process.
WARNING:Xst:1710 - FF/Latch <isdb> (without init value) has a constant value of 0 in block <D>. This FF/Latch will be trimmed during the optimization process.
INFO:Xst:2261 - The FF/Latch <Cause_15> in Unit <CP0> is equivalent to the following 2 FFs/Latches, which will be removed : <Cause_14> <Cause_13> 
WARNING:Xst:2677 - Node <E_EXC/overflow> of sequential type is unconnected in block <cpu>.
WARNING:Xst:2677 - Node <D_EXC/overflow> of sequential type is unconnected in block <cpu>.
WARNING:Xst:1710 - FF/Latch <Cause_15> (without init value) has a constant value of 0 in block <CP0>. This FF/Latch will be trimmed during the optimization process.
Analyzing FSM <MFsm> for best encoding.
Optimizing FSM <FSM_0> on signal <state[1:2]> with user encoding.
Optimizing FSM <FSM_0> on signal <state[1:2]> with user encoding.
-------------------
 State | Encoding
-------------------
 00    | 00
 01    | 01
 10    | 10
 11    | 11
-------------------

Optimizing unit <mips> ...

Optimizing unit <cpu> ...

Optimizing unit <CP0> ...

Optimizing unit <D> ...

Optimizing unit <GRF> ...

Optimizing unit <E> ...

Optimizing unit <MultDiv> ...

Optimizing unit <M> ...

Optimizing unit <W> ...

Optimizing unit <MFSCU> ...

Optimizing unit <Controller> ...

Optimizing unit <Encoder> ...

Optimizing unit <ALU> ...

Optimizing unit <Bridge> ...
WARNING:Xst:1710 - FF/Latch <myCPU/myCP0/Cause_6> (without init value) has a constant value of 0 in block <mips>. This FF/Latch will be trimmed during the optimization process.
WARNING:Xst:1895 - Due to other FF/Latch trimming, FF/Latch <myCPU/myE/isdb> (without init value) has a constant value of 0 in block <mips>. This FF/Latch will be trimmed during the optimization process.
WARNING:Xst:1895 - Due to other FF/Latch trimming, FF/Latch <myCPU/myM/Tnew_3> (without init value) has a constant value of 0 in block <mips>. This FF/Latch will be trimmed during the optimization process.
WARNING:Xst:1895 - Due to other FF/Latch trimming, FF/Latch <myCPU/myM/Tnew_2> (without init value) has a constant value of 0 in block <mips>. This FF/Latch will be trimmed during the optimization process.
WARNING:Xst:1895 - Due to other FF/Latch trimming, FF/Latch <myCPU/myM/isdb> (without init value) has a constant value of 0 in block <mips>. This FF/Latch will be trimmed during the optimization process.
WARNING:Xst:1895 - Due to other FF/Latch trimming, FF/Latch <myCPU/myCP0/Cause_31> (without init value) has a constant value of 0 in block <mips>. This FF/Latch will be trimmed during the optimization process.
