ISim log file
Running: D:\CO\CO_P6\CO_P6\mips_txt_isim_beh.exe -intstyle ise -gui -tclbatch isim.cmd -wdb D:/CO/CO_P6/CO_P6/mips_txt_isim_beh.wdb 
ISim P.20131013 (signature 0x7708f090)
----------------------------------------------------------------------
WARNING:Security:42 - Your software subscription period has lapsed. Your current version of Xilinx tools will continue to function, but you no longer qualify for Xilinx software updates or new releases.


----------------------------------------------------------------------
This is a Full version of ISim.
Time resolution is 1 ps
# onerror resume
# wave add /
# run 1000 ns
Simulator is doing circuit initialization process.
Finished circuit initialization process.
                  46@00003008: $ 1 <= 36240000
                  50@0000300c: $ 1 <= 36242897
                  54@00003010: $ 2 <= 55c50000
                  58@00003014: $ 2 <= 55c5f769
                  62@00003018: $ 3 <= 3dbd0000
                  66@0000301c: $ 3 <= 3dbd4ffb
                  70@00003020: $ 4 <= a0070000
                  74@00003024: $ 4 <= a007517a
                  78@00003028: $ 5 <= 371d0000
                  82@0000302c: $ 5 <= 371dea1f
                  86@00003030: $ 6 <= 3ba40000
                  90@00003034: $ 6 <= 3ba4a7e8
                  94@00003038: $ 7 <= ca220000
                  98@0000303c: $ 7 <= ca22edfa
                 102@00003040: $ 8 <= c1c00000
                 106@00003044: $ 8 <= c1c02120
                 110@00003048: $ 9 <= de9a0000
                 114@0000304c: $ 9 <= de9aff94
                 118@00003050: $10 <= 49750000
                 122@00003054: $10 <= 49757e6d
                 126@00003058: $11 <= 8df50000
                 130@0000305c: $11 <= 8df55bfd
                 134@00003060: $12 <= 95910000
                 138@00003064: $12 <= 9591f780
                 142@00003068: $13 <= e0180000
                 146@0000306c: $13 <= e018f383
                 150@00003070: $14 <= 07f30000
                 154@00003074: $14 <= 07f32655
                 158@00003078: $15 <= 72810000
                 162@0000307c: $15 <= 72813a40
                 166@00003080: $16 <= fbeb0000
                 170@00003084: $16 <= fbeb29c2
                 174@00003088: $17 <= ccf50000
                 178@0000308c: $17 <= ccf50956
                 182@00003090: $18 <= 2beb0000
                 186@00003094: $18 <= 2bebc6a7
                 190@00003098: $19 <= 10000000
                 194@0000309c: $19 <= 1000cb3b
                 198@000030a0: $20 <= 25b40000
                 202@000030a4: $20 <= 25b44894
                 206@000030a8: $21 <= 0e940000
                 210@000030ac: $21 <= 0e94bbd6
                 214@000030b0: $22 <= 6bcf0000
                 218@000030b4: $22 <= 6bcf8781
                 222@000030b8: $23 <= 272b0000
                 226@000030bc: $23 <= 272b4713
                 230@000030c0: $24 <= 47000000
                 234@000030c4: $24 <= 4700b8a4
                 238@000030c8: $25 <= 7af70000
                 242@000030cc: $25 <= 7af71440
                 246@000030d0: $26 <= 642f0000
                 250@000030d4: $26 <= 642f9f86
                 254@000030d8: $27 <= 728f0000
                 258@000030dc: $27 <= 728ff5d0
                 262@000030e0: $28 <= 48740000
                 266@000030e4: $28 <= 48745cb1
                 270@000030e8: $29 <= c3c70000
                 274@000030ec: $29 <= c3c7e14c
                 278@000030f0: $30 <= dd3d0000
                 282@000030f4: $30 <= dd3d5bd3
                 286@000030f8: $31 <= 8ec90000
                 290@000030fc: $31 <= 8ec911f5
                 294@00003104: *00000000 <= a007517a
                 294@00003100: $24 <= 00000000
                 298@00003108: *00000000 <= a00729c2
                 306@0000310c: $ 5 <= 00000000
                 310@00003110: $19 <= 00000000
                 326@0000311c: $ 5 <= 00000001
                 330@00003120: $17 <= 00000001
                 346@0000312c: $ 9 <= 00000001
                 370@00003138: $31 <= 00003140
                 374@000039a0: *00001000 <= 01000000
                 374@0000313c: $29 <= 00000001
                 390@00003144: *00001000 <= 00000100
                 390@00003140: $ 1 <= 00000100
                 418@00003150: $20 <= 00000000
                 422@00003158: *00000000 <= 0e94bbd6
                 434@00003160: $21 <= 00000001
                 458@0000316c: $23 <= 00000001
                 482@00003178: $ 1 <= 47170000
                 494@00003184: $ 3 <= 00000000
                 550@00003190: $28 <= 00000100
                 554@00003194: $ 2 <= 00000100
                 574@0000319c: *00002000 <= 00000055
                 582@000031a0: $22 <= 07f32755
                 586@000031a4: $23 <= 00000055
                 590@000031a8: *00000000 <= 0e94bb7a
                 598@000031b0: *00001000 <= 00000100
                 606@000031b4: $ 9 <= a0071dfd
                 614@000031bc: $ 7 <= 00000001
                 622@000031c4: $29 <= 8f250000
                 642@000031d8: $14 <= 00000000
                 646@000031dc: $ 5 <= 00000001
                 670@000031e8: $ 1 <= 00000000
                 674@000031ec: $27 <= 00000000
                 678@000031f0: $29 <= 00000000
                 686@000031fc: *00001000 <= 0000016d
                 686@000031f8: $31 <= 00003200
                 690@000039dc: *00002000 <= 00000100
                 706@00003200: $15 <= 00000000
                 722@0000320c: $ 6 <= 00000055
                 730@00003214: $17 <= 00000001
                 738@0000321c: $10 <= 00000000
                 754@00003228: $31 <= 00003230
                 822@00003230: $31 <= 00003238
                 826@00003234: $ 1 <= 00003230
                 830@00003a04: $12 <= 00000000
                 842@00003238: $22 <= 0e94bb7a
                 850@0000323c: $ 9 <= 0e94edb2
                 858@00003244: $15 <= 00000000
                 862@0000324c: *00001000 <= e018f383
                 862@00003248: $20 <= 00001f5f
                 886@00003258: $ 4 <= 00000000
                 894@00003260: $16 <= 00000001
                 910@0000326c: $23 <= 00000000
                 918@00003278: *00002000 <= 00000001
                 918@00003274: $ 8 <= 00000000
                 926@0000327c: $24 <= ffffff83
                 954@00003288: $ 8 <= 0e94ee07
                 958@0000328c: $17 <= 00000000
                 982@00003298: $15 <= 00000000
                 998@000032ac: *00001000 <= e0180183
                 998@000032a8: $ 4 <= 00000000
# restart
# run 5000ns
Simulator is doing circuit initialization process.
Finished circuit initialization process.
                  46@00003008: $ 1 <= 36240000
                  50@0000300c: $ 1 <= 36242897
                  54@00003010: $ 2 <= 55c50000
                  58@00003014: $ 2 <= 55c5f769
                  62@00003018: $ 3 <= 3dbd0000
                  66@0000301c: $ 3 <= 3dbd4ffb
                  70@00003020: $ 4 <= a0070000
                  74@00003024: $ 4 <= a007517a
                  78@00003028: $ 5 <= 371d0000
                  82@0000302c: $ 5 <= 371dea1f
                  86@00003030: $ 6 <= 3ba40000
                  90@00003034: $ 6 <= 3ba4a7e8
                  94@00003038: $ 7 <= ca220000
                  98@0000303c: $ 7 <= ca22edfa
                 102@00003040: $ 8 <= c1c00000
                 106@00003044: $ 8 <= c1c02120
                 110@00003048: $ 9 <= de9a0000
                 114@0000304c: $ 9 <= de9aff94
                 118@00003050: $10 <= 49750000
                 122@00003054: $10 <= 49757e6d
                 126@00003058: $11 <= 8df50000
                 130@0000305c: $11 <= 8df55bfd
                 134@00003060: $12 <= 95910000
                 138@00003064: $12 <= 9591f780
                 142@00003068: $13 <= e0180000
                 146@0000306c: $13 <= e018f383
                 150@00003070: $14 <= 07f30000
                 154@00003074: $14 <= 07f32655
                 158@00003078: $15 <= 72810000
                 162@0000307c: $15 <= 72813a40
                 166@00003080: $16 <= fbeb0000
                 170@00003084: $16 <= fbeb29c2
                 174@00003088: $17 <= ccf50000
                 178@0000308c: $17 <= ccf50956
                 182@00003090: $18 <= 2beb0000
                 186@00003094: $18 <= 2bebc6a7
                 190@00003098: $19 <= 10000000
                 194@0000309c: $19 <= 1000cb3b
                 198@000030a0: $20 <= 25b40000
                 202@000030a4: $20 <= 25b44894
                 206@000030a8: $21 <= 0e940000
                 210@000030ac: $21 <= 0e94bbd6
                 214@000030b0: $22 <= 6bcf0000
                 218@000030b4: $22 <= 6bcf8781
                 222@000030b8: $23 <= 272b0000
                 226@000030bc: $23 <= 272b4713
                 230@000030c0: $24 <= 47000000
                 234@000030c4: $24 <= 4700b8a4
                 238@000030c8: $25 <= 7af70000
                 242@000030cc: $25 <= 7af71440
                 246@000030d0: $26 <= 642f0000
                 250@000030d4: $26 <= 642f9f86
                 254@000030d8: $27 <= 728f0000
                 258@000030dc: $27 <= 728ff5d0
                 262@000030e0: $28 <= 48740000
                 266@000030e4: $28 <= 48745cb1
                 270@000030e8: $29 <= c3c70000
                 274@000030ec: $29 <= c3c7e14c
                 278@000030f0: $30 <= dd3d0000
                 282@000030f4: $30 <= dd3d5bd3
                 286@000030f8: $31 <= 8ec90000
                 290@000030fc: $31 <= 8ec911f5
                 294@00003104: *00000000 <= a007517a
                 294@00003100: $24 <= 00000000
                 298@00003108: *00000000 <= a00729c2
                 306@0000310c: $ 5 <= 00000000
                 310@00003110: $19 <= 00000000
                 326@0000311c: $ 5 <= 00000001
                 330@00003120: $17 <= 00000001
                 346@0000312c: $ 9 <= 00000001
                 370@00003138: $31 <= 00003140
                 374@000039a0: *00001000 <= 01000000
                 374@0000313c: $29 <= 00000001
                 390@00003144: *00001000 <= 00000100
                 390@00003140: $ 1 <= 00000100
                 418@00003150: $20 <= 00000000
                 422@00003158: *00000000 <= 0e94bbd6
                 434@00003160: $21 <= 00000001
                 458@0000316c: $23 <= 00000001
                 482@00003178: $ 1 <= 47170000
                 494@00003184: $ 3 <= 00000000
                 550@00003190: $28 <= 00000100
                 554@00003194: $ 2 <= 00000100
                 574@0000319c: *00002000 <= 00000055
                 582@000031a0: $22 <= 07f32755
                 586@000031a4: $23 <= 00000055
                 590@000031a8: *00000000 <= 0e94bb7a
                 598@000031b0: *00001000 <= 00000100
                 606@000031b4: $ 9 <= a0071dfd
                 614@000031bc: $ 7 <= 00000001
                 622@000031c4: $29 <= 8f250000
                 642@000031d8: $14 <= 00000000
                 646@000031dc: $ 5 <= 00000001
                 670@000031e8: $ 1 <= 00000000
                 674@000031ec: $27 <= 00000000
                 678@000031f0: $29 <= 00000000
                 686@000031fc: *00001000 <= 0000016d
                 686@000031f8: $31 <= 00003200
                 690@000039dc: *00002000 <= 00000100
                 706@00003200: $15 <= 00000000
                 722@0000320c: $ 6 <= 00000055
                 730@00003214: $17 <= 00000001
                 738@0000321c: $10 <= 00000000
                 754@00003228: $31 <= 00003230
                 822@00003230: $31 <= 00003238
                 826@00003234: $ 1 <= 00003230
                 830@00003a04: $12 <= 00000000
                 842@00003238: $22 <= 0e94bb7a
                 850@0000323c: $ 9 <= 0e94edb2
                 858@00003244: $15 <= 00000000
                 862@0000324c: *00001000 <= e018f383
                 862@00003248: $20 <= 00001f5f
                 886@00003258: $ 4 <= 00000000
                 894@00003260: $16 <= 00000001
                 910@0000326c: $23 <= 00000000
                 918@00003278: *00002000 <= 00000001
                 918@00003274: $ 8 <= 00000000
                 926@0000327c: $24 <= ffffff83
                 954@00003288: $ 8 <= 0e94ee07
                 958@0000328c: $17 <= 00000000
                 982@00003298: $15 <= 00000000
                 998@000032ac: *00001000 <= e0180183
                 998@000032a8: $ 4 <= 00000000
                1010@000032b4: $28 <= 00000000
                1014@000032b8: $13 <= 00000000
                1038@000032c4: *00001000 <= 00000000
                1038@000032c0: $23 <= 00000000
                1046@000032c8: $21 <= b6c50000
                1078@000032dc: $22 <= 0a691997
                1082@000032e0: $18 <= 00000000
                1094@000032ec: $20 <= 00000001
                1102@000032f4: *00001000 <= 00000001
                1102@000032f0: $25 <= 00000001
                1118@00003300: $11 <= 00000001
                1138@0000330c: $31 <= 00003314
                1142@00003a50: *00001000 <= 00003314
                1142@00003310: $16 <= 00003313
                1158@00003314: $13 <= 8c0d0000
                1182@00003324: $ 2 <= 00000001
                1186@00003328: $11 <= 000066f9
                1194@00003330: $ 3 <= 00000001
                1198@00003334: $29 <= 0a691997
                1214@00003340: $11 <= 0000000e
                1222@00003344: $18 <= 0e94bb7a
                1226@00003348: $29 <= 00000000
                1230@0000334c: $29 <= 00000000
                1234@00003354: *00000000 <= 00000001
                1234@00003350: $ 6 <= 00000001
                1238@00003358: *00001000 <= 00013314
                1250@00003364: *00002000 <= 00000001
                1250@00003360: $31 <= 00003368
                1286@00003368: $ 1 <= 9ac40000
                1290@0000336c: $16 <= 00000000
                1314@0000337c: *00000000 <= 00000001
                1314@00003378: $18 <= 00000001
                1338@00003388: $21 <= 00003368
                1342@0000338c: $20 <= 00002128
                1346@00003394: *00002000 <= 00003368
                1346@00003390: $10 <= 00000000
                1354@00003398: $24 <= 00000000
                1358@0000339c: $28 <= 0a691997
                1366@000033a4: $ 9 <= ffff9c56
                1370@000033ac: *00002000 <= 00000001
                1370@000033a8: $10 <= 00003368
                1394@000033b8: $20 <= 00000002
                1398@000033bc: $31 <= 00000000
                1402@000033c0: $25 <= 00000000
                1410@000033c8: $ 2 <= 00000000
                1418@000033cc: $24 <= 0e94ee07
                1434@000033d8: $ 8 <= 00000001
                1446@000033e4: $12 <= 00000000
                1450@000033ec: *00001000 <= 00000000
                1450@000033e8: $27 <= 00000000
                1458@000033f0: $ 9 <= 00000000
                1462@000033f4: $31 <= 00000000
                1466@000033f8: $28 <= 5ac00000
                1486@00003408: *00000000 <= 00000001
                1486@00003404: $ 7 <= 00000000
                1494@00003410: *00001000 <= 00000000
                1502@00003414: $31 <= 5ac04c14
                1526@00003424: $11 <= 00000000
                1530@0000342c: *00000000 <= 00000000
                1534@00003430: *00000000 <= 00000000
                1542@00003438: *00001000 <= 00000000
                1542@00003434: $21 <= 00000000
                1546@0000343c: *00001000 <= 5bd30000
                1550@00003440: *00002000 <= 00000001
                1558@00003444: $11 <= 5056e669
                1562@00003448: $22 <= 00000000
                1566@0000344c: $22 <= 00006629
                1574@00003458: *00000000 <= 00000000
                1574@00003454: $ 6 <= 00000000
                1582@0000345c: $ 9 <= 00000000
                1590@00003464: $ 8 <= 00000000
                1614@00003474: *00001000 <= 5bd30000
                1614@00003470: $20 <= 00000000
                1638@00003480: $26 <= 00000000
                1642@00003488: *00000000 <= 00000000
                1646@0000348c: *00000000 <= 00000000
                1670@00003490: $24 <= 00000000
                1686@0000349c: $17 <= 00004029
                1690@000034a0: $16 <= 00000000
                1694@000034a8: *00001000 <= 00000000
                1694@000034a4: $30 <= 00000000
                1702@000034ac: $10 <= 00000000
                1718@000034b8: $ 4 <= 00000001
                1742@000034c8: $23 <= 00000000
                1754@000034d4: $ 7 <= 00000000
                1758@000034d8: *00002000 <= 00000001
                1766@000034dc: $22 <= 00000001
                1790@000034ec: *00001000 <= 00000014
                1790@000034e8: $22 <= 00000814
                1794@000034f0: *00002000 <= 00001401
                1798@000034f4: *00000000 <= 00000000
                1806@000034f8: $31 <= 00000000
                1830@0000350c: *00001000 <= 00000014
                1830@00003508: $31 <= 00003510
                1838@00003ae8: $ 2 <= 00000000
                1850@00003514: *00000000 <= 00000000
                1850@00003510: $15 <= 00000001
                1854@00003518: *00002000 <= 00000001
                1862@0000351c: $ 2 <= 00000000
                1866@00003520: $31 <= 00003528
                1870@00003524: $17 <= 00000000
                1874@00003af4: $ 7 <= 00000000
                1886@00003528: $23 <= 5056e66a
                1902@00003538: $13 <= 00000000
                1946@0000354c: $25 <= 00000000
                1962@0000355c: $22 <= 00000001
                1966@00003560: $10 <= 00000000
                1990@0000356c: $ 5 <= 00000000
                2006@0000357c: *00001000 <= 00000014
                2006@00003578: $ 4 <= 00000000
                2014@00003580: $30 <= 00000000
                2030@0000358c: $17 <= 00000000
                2046@0000359c: $24 <= 00000001
                2050@000035a4: *00001000 <= 0000e669
                2066@000035b0: $28 <= 00000000
                2082@000035bc: $30 <= 000058bf
                2106@000035c8: $10 <= 0000e669
                2122@000035d4: $10 <= 00000000
                2126@000035d8: $15 <= 00000000
                2134@000035e0: $30 <= 00000001
                2138@000035e4: $17 <= 00000001
                2142@000035e8: $16 <= 00000000
                2146@000035ec: *00002000 <= 00000000
                2150@000035f0: *00002000 <= 00000000
                2158@000035f4: $ 8 <= 00000000
                2162@000035f8: $20 <= 00002f34
                2166@000035fc: $16 <= 00000000
                2170@00003600: $ 8 <= 00000000
                2186@0000360c: $31 <= 00003614
                2190@00003b50: *00001000 <= 00000000
                2190@00003610: $15 <= 00000000
                2206@00003614: $ 1 <= 0000e669
                2214@0000361c: $18 <= 00000000
                2218@00003620: $ 2 <= 00000000
                2222@00003624: $19 <= 6d1a0000
                2230@00003630: *00001000 <= 6d1a0000
                2230@0000362c: $23 <= 00000000
                2238@00003634: $31 <= 0000363c
                2242@00003b5c: *00000000 <= 00000000
                2242@00003638: $25 <= 00000000
                2258@0000363c: $31 <= 00003644
                2262@00003640: $16 <= 6d1a0000
                2278@00003644: $29 <= 45e40000
                2282@00003648: $ 3 <= 00000000
                2294@00003658: *00002000 <= 00000000
                2294@00003654: $16 <= 00000000
                2322@00003660: $ 8 <= 0000cb2e
                2326@00003664: $31 <= 0000366c
                2330@00003b74: *00001000 <= 00000000
                2330@00003668: $ 5 <= 00000000
                2346@0000366c: $31 <= 00003674
                2350@00003670: $22 <= 00000000
                2366@00003674: $30 <= 0000cf3e
                2370@00003678: $30 <= 0000cf3e
                2394@00003684: $ 2 <= ffffa10b
                2402@0000368c: $28 <= 00000000
                2406@00003690: $26 <= ffffa10b
                2410@00003694: $22 <= 2f430000
                2414@00003698: $29 <= 00000000
                2418@000036a0: *00002000 <= 2f430000
                2426@000036a8: *00001000 <= 00000000
                2426@000036a4: $ 2 <= 00000000
                2434@000036b0: *00001000 <= 74000000
                2442@000036b4: $13 <= 00000000
                2462@000036c0: $15 <= 00000000
                2466@000036c4: $19 <= 00000000
                2470@000036c8: $26 <= 00000000
                2474@000036cc: $12 <= 00000000
                2478@000036d4: *00001000 <= 740036d8
                2478@000036d0: $31 <= 000036d8
                2486@00003b9c: $ 3 <= 00000036
                2498@000036d8: $14 <= 00000001
                2514@000036e4: $28 <= 000036d8
                2522@000036e8: $26 <= 00000000
                2526@000036ec: $17 <= 00000000
                2554@000036f8: $15 <= 00000000
                2586@0000370c: $31 <= 00003714
                2590@00003bc0: *00000000 <= 00000000
                2590@00003710: $ 5 <= 00000000
                2606@00003714: $ 8 <= 00000000
                2622@00003724: $10 <= 00000074
                2626@00003728: *00000000 <= 00000000
                2634@0000372c: $ 9 <= 00000074
                2642@00003734: $25 <= fa830000
                2646@00003738: $ 5 <= 00000001
                2670@00003748: $16 <= 00000000
                2674@0000374c: $27 <= 00000000
                2678@00003754: *00000000 <= 00000000
                2686@00003758: $15 <= 740036d8
                2710@00003764: $20 <= 00000000
                2714@0000376c: *00000000 <= 00000001
                2714@00003768: $18 <= 00000001
                2722@00003770: $ 4 <= 00000000
                2726@00003774: $31 <= 00000000
                2730@00003778: $ 2 <= 83e80000
                2758@0000378c: $22 <= 00002f43
                2762@00003790: *00002000 <= 0000e669
                2786@0000379c: $24 <= 00000000
                2790@000037a4: *00001000 <= 746936d8
                2790@000037a0: $26 <= 740036d8
                2798@000037a8: $26 <= 00000069
                2806@000037ac: $ 5 <= 00007469
                2826@000037bc: $19 <= 83e80000
                2842@000037cc: $21 <= 00000000
                2882@000037d4: $ 6 <= 00000001
                2886@000037d8: $27 <= 00000001
                2890@000037dc: $30 <= 00000001
                2906@000037e8: $16 <= 00000001
                2922@000037f8: *00002000 <= 0100e669
                2922@000037f4: $17 <= 00000001
                2938@00003804: $22 <= 00000001
                2954@00003818: *00002000 <= 0000e669
                2954@00003814: $ 8 <= c8220000
                2962@0000381c: $22 <= 00000000
                2966@00003820: $ 5 <= 00000001
                2970@00003824: $ 5 <= 00000000
                2978@0000382c: $18 <= 746936d8
                2990@00003834: $19 <= dae20000
                3010@00003840: $31 <= 00003848
                3014@00003c14: *00000000 <= 000036d8
                3014@00003844: $ 8 <= 00000000
                3030@00003848: $22 <= 0000e669
                3050@00003854: $11 <= 00000000
                3074@00003864: $18 <= 00000000
                3086@00003874: *00002000 <= 7e360000
                3086@00003870: $ 4 <= 7e360000
                3094@00003878: $28 <= 7e360001
                3118@00003884: $ 1 <= 00000000
                3122@00003888: $12 <= fa830000
                3130@00003890: $16 <= 00000000
                3154@00003894: $ 3 <= 00000000
                3170@000038a0: $10 <= 00000000
                3194@000038ac: $29 <= 00000001
                3210@000038bc: *00001000 <= 000036d8
                3210@000038b8: $11 <= 00000000
                3214@000038c0: *00000000 <= 00003600
                3226@000038c8: $31 <= 000038d0
                3230@00003c58: *00000000 <= 000038d0
                3230@000038cc: $22 <= 00000000
                3246@000038d0: $13 <= 00000038
                3274@000038dc: $31 <= 000038e4
                3282@00003c6c: $17 <= ffffe27c
                3294@000038e4: $25 <= 00000000
                3298@000038e8: $ 5 <= 00000001
                3314@000038f4: $17 <= 00000000
                3318@000038fc: *00000000 <= 00000000
                3318@000038f8: $ 8 <= 00000000
                3322@00003900: *00001000 <= 000036d8
                3330@00003904: $24 <= 5f040000
                3342@00003910: $12 <= 00000001
                3346@00003918: *00001000 <= 010036d8
                3346@00003914: $ 2 <= 00000000
                3350@0000391c: *00001000 <= 00000000
                3358@00003920: $15 <= 5f0473d9
                3362@00003924: $24 <= 5f047411
                3386@00003930: $ 4 <= 00000000
                3390@00003934: $26 <= 00000000
                3394@00003938: $26 <= 00000000
                3418@00003944: $ 6 <= 00000000
                3422@00003948: $18 <= 00000000
                3426@00003950: *00001000 <= 00000000
                3426@0000394c: $19 <= 00000000
                3434@00003958: *00002000 <= 7e010000
                3434@00003954: $10 <= 00005ec4
                3442@00003960: *00002000 <= 00005ec4
                3442@0000395c: $ 1 <= 00000000
                3450@00003964: $12 <= 00000000
                3454@00003968: $25 <= 00000001
                3470@00003974: $31 <= 0000397c
                3514@0000397c: $13 <= 00000000
