ISim log file
Running: D:\CO\CO_P5\pipelineCPU\tb_isim_beh.exe -intstyle ise -gui -tclbatch isim.cmd -wdb D:/CO/CO_P5/pipelineCPU/tb_isim_beh.wdb 
ISim P.20131013 (signature 0x7708f090)
----------------------------------------------------------------------
WARNING:Security:42 - Your software subscription period has lapsed. Your current version of Xilinx tools will continue to function, but you no longer qualify for Xilinx software updates or new releases.


----------------------------------------------------------------------
This is a Full version of ISim.
Time resolution is 1 ps
# onerror resume
# wave add /
# run 1000 ns
Simulator is doing circuit initialization process.
Finished circuit initialization process.
                  19@00003000: $ 8 <= 0000007b
                  21@00003004: $ 4 <= 0000007b
                  23@00003008: $ 4 <= 00000000
                  25@0000300c: $11 <= 007b0000
                  27@00003010: $11 <= 00000000
                  29@00003014: $12 <= 00000000
                  31@00003018: $ 8 <= 00003028
                  33@0000301c: $ 4 <= 00003028
                  39@00003024: $ 8 <= 00003038
                  39@00003028: *00000000 <= 00003038
                  43@0000302c: $ 4 <= 00003038
                  53@00003038: $31 <= 00003040
                  65@00003050: $31 <= 00003058
                  69@00003058: $ 8 <= 00003038
                  73@0000305c: $16 <= 00003038
                  77@00003060: $17 <= 00003038
                  81@00003064: $18 <= 00003038
                  83@00003068: *00000000 <= 00003038
